{"C:\\Users\\asifi\\OneDrive\\Desktop\\AYA\\app\\src\\app\\layout.tsx": {"path":"C:\\Users\\asifi\\OneDrive\\Desktop\\AYA\\app\\src\\app\\layout.tsx","statementMap":{"0":{"start":{"line":16,"column":24},"end":{"line":16,"column":35}},"1":{"start":{"line":11,"column":13},"end":{"line":11,"column":21}},"2":{"start":{"line":1,"column":7},"end":{"line":1,"column":null}},"3":{"start":{"line":3,"column":22},"end":{"line":3,"column":null}},"4":{"start":{"line":4,"column":22},"end":{"line":4,"column":null}},"5":{"start":{"line":6,"column":14},"end":{"line":9,"column":null}},"6":{"start":{"line":11,"column":34},"end":{"line":14,"column":null}}},"fnMap":{"0":{"name":"RootLayout","decl":{"start":{"line":16,"column":24},"end":{"line":16,"column":35}},"loc":{"start":{"line":20,"column":1},"end":{"line":31,"column":1}}}},"branchMap":{},"s":{"0":0,"1":0,"2":0,"3":0,"4":0,"5":0,"6":0},"f":{"0":0},"b":{}}
,"C:\\Users\\asifi\\OneDrive\\Desktop\\AYA\\app\\src\\app\\page.tsx": {"path":"C:\\Users\\asifi\\OneDrive\\Desktop\\AYA\\app\\src\\app\\page.tsx","statementMap":{"0":{"start":{"line":3,"column":24},"end":{"line":3,"column":null}}},"fnMap":{"0":{"name":"Home","decl":{"start":{"line":3,"column":24},"end":{"line":3,"column":null}},"loc":{"start":{"line":3,"column":24},"end":{"line":72,"column":null}}}},"branchMap":{},"s":{"0":0},"f":{"0":0},"b":{}}
,"C:\\Users\\asifi\\OneDrive\\Desktop\\AYA\\app\\src\\app\\api\\db\\edges\\route.ts": {"path":"C:\\Users\\asifi\\OneDrive\\Desktop\\AYA\\app\\src\\app\\api\\db\\edges\\route.ts","statementMap":{"0":{"start":{"line":11,"column":22},"end":{"line":11,"column":25}},"1":{"start":{"line":9,"column":13},"end":{"line":9,"column":23}},"2":{"start":{"line":6,"column":29},"end":{"line":6,"column":null}},"3":{"start":{"line":7,"column":43},"end":{"line":7,"column":null}},"4":{"start":{"line":9,"column":26},"end":{"line":9,"column":31}},"5":{"start":{"line":12,"column":2},"end":{"line":137,"column":null}},"6":{"start":{"line":13,"column":21},"end":{"line":13,"column":null}},"7":{"start":{"line":14,"column":29},"end":{"line":14,"column":null}},"8":{"start":{"line":17,"column":23},"end":{"line":17,"column":null}},"9":{"start":{"line":18,"column":26},"end":{"line":18,"column":null}},"10":{"start":{"line":19,"column":30},"end":{"line":19,"column":null}},"11":{"start":{"line":20,"column":24},"end":{"line":20,"column":null}},"12":{"start":{"line":23,"column":16},"end":{"line":54,"column":null}},"13":{"start":{"line":57,"column":4},"end":{"line":62,"column":null}},"14":{"start":{"line":58,"column":26},"end":{"line":58,"column":null}},"15":{"start":{"line":59,"column":6},"end":{"line":61,"column":null}},"16":{"start":{"line":60,"column":8},"end":{"line":60,"column":null}},"17":{"start":{"line":65,"column":4},"end":{"line":67,"column":null}},"18":{"start":{"line":66,"column":6},"end":{"line":66,"column":null}},"19":{"start":{"line":70,"column":4},"end":{"line":72,"column":null}},"20":{"start":{"line":71,"column":6},"end":{"line":71,"column":null}},"21":{"start":{"line":75,"column":4},"end":{"line":77,"column":null}},"22":{"start":{"line":76,"column":6},"end":{"line":76,"column":null}},"23":{"start":{"line":80,"column":35},"end":{"line":80,"column":null}},"24":{"start":{"line":82,"column":4},"end":{"line":88,"column":null}},"25":{"start":{"line":83,"column":6},"end":{"line":83,"column":null}},"26":{"start":{"line":84,"column":6},"end":{"line":86,"column":null}},"27":{"start":{"line":91,"column":29},"end":{"line":115,"column":null}},"28":{"start":{"line":91,"column":52},"end":{"line":115,"column":null}},"29":{"start":{"line":117,"column":4},"end":{"line":129,"column":null}},"30":{"start":{"line":132,"column":4},"end":{"line":132,"column":null}},"31":{"start":{"line":133,"column":4},"end":{"line":135,"column":null}}},"fnMap":{"0":{"name":"GET","decl":{"start":{"line":11,"column":22},"end":{"line":11,"column":25}},"loc":{"start":{"line":11,"column":42},"end":{"line":138,"column":null}}},"1":{"name":"(anonymous_4)","decl":{"start":{"line":91,"column":39},"end":{"line":91,"column":40}},"loc":{"start":{"line":91,"column":52},"end":{"line":115,"column":null}}}},"branchMap":{"0":{"loc":{"start":{"line":57,"column":4},"end":{"line":62,"column":null}},"type":"if","locations":[{"start":{"line":57,"column":4},"end":{"line":62,"column":null}},{"start":{},"end":{}}]},"1":{"loc":{"start":{"line":59,"column":6},"end":{"line":61,"column":null}},"type":"if","locations":[{"start":{"line":59,"column":6},"end":{"line":61,"column":null}},{"start":{},"end":{}}]},"2":{"loc":{"start":{"line":65,"column":4},"end":{"line":67,"column":null}},"type":"if","locations":[{"start":{"line":65,"column":4},"end":{"line":67,"column":null}},{"start":{},"end":{}}]},"3":{"loc":{"start":{"line":70,"column":4},"end":{"line":72,"column":null}},"type":"if","locations":[{"start":{"line":70,"column":4},"end":{"line":72,"column":null}},{"start":{},"end":{}}]},"4":{"loc":{"start":{"line":75,"column":4},"end":{"line":77,"column":null}},"type":"if","locations":[{"start":{"line":75,"column":4},"end":{"line":77,"column":null}},{"start":{},"end":{}}]},"5":{"loc":{"start":{"line":82,"column":4},"end":{"line":88,"column":null}},"type":"if","locations":[{"start":{"line":82,"column":4},"end":{"line":88,"column":null}},{"start":{},"end":{}}]},"6":{"loc":{"start":{"line":110,"column":17},"end":{"line":110,"column":45}},"type":"binary-expr","locations":[{"start":{"line":110,"column":17},"end":{"line":110,"column":39}},{"start":{"line":110,"column":43},"end":{"line":110,"column":45}}]},"7":{"loc":{"start":{"line":114,"column":12},"end":{"line":114,"column":24}},"type":"binary-expr","locations":[{"start":{"line":114,"column":12},"end":{"line":114,"column":18}},{"start":{"line":114,"column":22},"end":{"line":114,"column":24}}]}},"s":{"0":0,"1":0,"2":0,"3":0,"4":0,"5":0,"6":0,"7":0,"8":0,"9":0,"10":0,"11":0,"12":0,"13":0,"14":0,"15":0,"16":0,"17":0,"18":0,"19":0,"20":0,"21":0,"22":0,"23":0,"24":0,"25":0,"26":0,"27":0,"28":0,"29":0,"30":0,"31":0},"f":{"0":0,"1":0},"b":{"0":[0,0],"1":[0,0],"2":[0,0],"3":[0,0],"4":[0,0],"5":[0,0],"6":[0,0],"7":[0,0]}}
,"C:\\Users\\asifi\\OneDrive\\Desktop\\AYA\\app\\src\\app\\api\\db\\hadith\\route.ts": {"path":"C:\\Users\\asifi\\OneDrive\\Desktop\\AYA\\app\\src\\app\\api\\db\\hadith\\route.ts","statementMap":{"0":{"start":{"line":11,"column":22},"end":{"line":11,"column":25}},"1":{"start":{"line":9,"column":13},"end":{"line":9,"column":23}},"2":{"start":{"line":6,"column":29},"end":{"line":6,"column":null}},"3":{"start":{"line":7,"column":43},"end":{"line":7,"column":null}},"4":{"start":{"line":9,"column":26},"end":{"line":9,"column":31}},"5":{"start":{"line":12,"column":2},"end":{"line":109,"column":null}},"6":{"start":{"line":13,"column":21},"end":{"line":13,"column":null}},"7":{"start":{"line":14,"column":29},"end":{"line":14,"column":null}},"8":{"start":{"line":17,"column":21},"end":{"line":17,"column":46}},"9":{"start":{"line":18,"column":28},"end":{"line":18,"column":null}},"10":{"start":{"line":19,"column":24},"end":{"line":19,"column":null}},"11":{"start":{"line":20,"column":23},"end":{"line":20,"column":null}},"12":{"start":{"line":23,"column":16},"end":{"line":23,"column":null}},"13":{"start":{"line":23,"column":47},"end":{"line":23,"column":68}},"14":{"start":{"line":23,"column":81},"end":{"line":23,"column":null}},"15":{"start":{"line":26,"column":16},"end":{"line":44,"column":null}},"16":{"start":{"line":47,"column":4},"end":{"line":55,"column":null}},"17":{"start":{"line":48,"column":6},"end":{"line":53,"column":null}},"18":{"start":{"line":49,"column":8},"end":{"line":51,"column":null}},"19":{"start":{"line":54,"column":6},"end":{"line":54,"column":null}},"20":{"start":{"line":58,"column":4},"end":{"line":63,"column":null}},"21":{"start":{"line":59,"column":21},"end":{"line":59,"column":null}},"22":{"start":{"line":60,"column":6},"end":{"line":62,"column":null}},"23":{"start":{"line":61,"column":8},"end":{"line":61,"column":null}},"24":{"start":{"line":66,"column":18},"end":{"line":66,"column":null}},"25":{"start":{"line":67,"column":4},"end":{"line":67,"column":null}},"26":{"start":{"line":70,"column":37},"end":{"line":70,"column":null}},"27":{"start":{"line":72,"column":4},"end":{"line":78,"column":null}},"28":{"start":{"line":73,"column":6},"end":{"line":73,"column":null}},"29":{"start":{"line":74,"column":6},"end":{"line":76,"column":null}},"30":{"start":{"line":81,"column":31},"end":{"line":93,"column":null}},"31":{"start":{"line":81,"column":56},"end":{"line":93,"column":null}},"32":{"start":{"line":95,"column":4},"end":{"line":101,"column":null}},"33":{"start":{"line":104,"column":4},"end":{"line":104,"column":null}},"34":{"start":{"line":105,"column":4},"end":{"line":107,"column":null}}},"fnMap":{"0":{"name":"GET","decl":{"start":{"line":11,"column":22},"end":{"line":11,"column":25}},"loc":{"start":{"line":11,"column":42},"end":{"line":110,"column":null}}},"1":{"name":"(anonymous_4)","decl":{"start":{"line":23,"column":41},"end":{"line":23,"column":47}},"loc":{"start":{"line":23,"column":47},"end":{"line":23,"column":68}}},"2":{"name":"(anonymous_5)","decl":{"start":{"line":23,"column":75},"end":{"line":23,"column":81}},"loc":{"start":{"line":23,"column":81},"end":{"line":23,"column":null}}},"3":{"name":"(anonymous_6)","decl":{"start":{"line":81,"column":43},"end":{"line":81,"column":44}},"loc":{"start":{"line":81,"column":56},"end":{"line":93,"column":null}}}},"branchMap":{"0":{"loc":{"start":{"line":18,"column":28},"end":{"line":18,"column":null}},"type":"binary-expr","locations":[{"start":{"line":18,"column":28},"end":{"line":18,"column":62}},{"start":{"line":18,"column":62},"end":{"line":18,"column":null}}]},"1":{"loc":{"start":{"line":47,"column":4},"end":{"line":55,"column":null}},"type":"if","locations":[{"start":{"line":47,"column":4},"end":{"line":55,"column":null}},{"start":{},"end":{}}]},"2":{"loc":{"start":{"line":47,"column":8},"end":{"line":47,"column":31}},"type":"binary-expr","locations":[{"start":{"line":47,"column":8},"end":{"line":47,"column":15}},{"start":{"line":47,"column":15},"end":{"line":47,"column":31}}]},"3":{"loc":{"start":{"line":48,"column":6},"end":{"line":53,"column":null}},"type":"if","locations":[{"start":{"line":48,"column":6},"end":{"line":53,"column":null}},{"start":{},"end":{}}]},"4":{"loc":{"start":{"line":58,"column":4},"end":{"line":63,"column":null}},"type":"if","locations":[{"start":{"line":58,"column":4},"end":{"line":63,"column":null}},{"start":{},"end":{}}]},"5":{"loc":{"start":{"line":60,"column":6},"end":{"line":62,"column":null}},"type":"if","locations":[{"start":{"line":60,"column":6},"end":{"line":62,"column":null}},{"start":{},"end":{}}]},"6":{"loc":{"start":{"line":66,"column":18},"end":{"line":66,"column":null}},"type":"cond-expr","locations":[{"start":{"line":66,"column":31},"end":{"line":66,"column":70}},{"start":{"line":66,"column":70},"end":{"line":66,"column":null}}]},"7":{"loc":{"start":{"line":72,"column":4},"end":{"line":78,"column":null}},"type":"if","locations":[{"start":{"line":72,"column":4},"end":{"line":78,"column":null}},{"start":{},"end":{}}]},"8":{"loc":{"start":{"line":88,"column":18},"end":{"line":88,"column":null}},"type":"binary-expr","locations":[{"start":{"line":88,"column":18},"end":{"line":88,"column":36}},{"start":{"line":88,"column":40},"end":{"line":88,"column":null}}]},"9":{"loc":{"start":{"line":92,"column":18},"end":{"line":92,"column":37}},"type":"binary-expr","locations":[{"start":{"line":92,"column":18},"end":{"line":92,"column":31}},{"start":{"line":92,"column":35},"end":{"line":92,"column":37}}]}},"s":{"0":0,"1":0,"2":0,"3":0,"4":0,"5":0,"6":0,"7":0,"8":0,"9":0,"10":0,"11":0,"12":0,"13":0,"14":0,"15":0,"16":0,"17":0,"18":0,"19":0,"20":0,"21":0,"22":0,"23":0,"24":0,"25":0,"26":0,"27":0,"28":0,"29":0,"30":0,"31":0,"32":0,"33":0,"34":0},"f":{"0":0,"1":0,"2":0,"3":0},"b":{"0":[0,0],"1":[0,0],"2":[0,0],"3":[0,0],"4":[0,0],"5":[0,0],"6":[0,0],"7":[0,0],"8":[0,0],"9":[0,0]}}
,"C:\\Users\\asifi\\OneDrive\\Desktop\\AYA\\app\\src\\app\\api\\db\\quran\\route.ts": {"path":"C:\\Users\\asifi\\OneDrive\\Desktop\\AYA\\app\\src\\app\\api\\db\\quran\\route.ts","statementMap":{"0":{"start":{"line":11,"column":22},"end":{"line":11,"column":25}},"1":{"start":{"line":9,"column":13},"end":{"line":9,"column":23}},"2":{"start":{"line":6,"column":29},"end":{"line":6,"column":null}},"3":{"start":{"line":7,"column":43},"end":{"line":7,"column":null}},"4":{"start":{"line":9,"column":26},"end":{"line":9,"column":31}},"5":{"start":{"line":12,"column":2},"end":{"line":118,"column":null}},"6":{"start":{"line":13,"column":21},"end":{"line":13,"column":null}},"7":{"start":{"line":14,"column":29},"end":{"line":14,"column":null}},"8":{"start":{"line":15,"column":24},"end":{"line":15,"column":null}},"9":{"start":{"line":18,"column":4},"end":{"line":83,"column":null}},"10":{"start":{"line":19,"column":21},"end":{"line":19,"column":null}},"11":{"start":{"line":21,"column":6},"end":{"line":26,"column":null}},"12":{"start":{"line":22,"column":8},"end":{"line":24,"column":null}},"13":{"start":{"line":29,"column":37},"end":{"line":45,"column":null}},"14":{"start":{"line":47,"column":6},"end":{"line":53,"column":null}},"15":{"start":{"line":48,"column":8},"end":{"line":48,"column":null}},"16":{"start":{"line":49,"column":8},"end":{"line":51,"column":null}},"17":{"start":{"line":55,"column":6},"end":{"line":60,"column":null}},"18":{"start":{"line":56,"column":8},"end":{"line":58,"column":null}},"19":{"start":{"line":63,"column":6},"end":{"line":82,"column":null}},"20":{"start":{"line":71,"column":59},"end":{"line":80,"column":null}},"21":{"start":{"line":86,"column":36},"end":{"line":89,"column":null}},"22":{"start":{"line":91,"column":4},"end":{"line":97,"column":null}},"23":{"start":{"line":92,"column":6},"end":{"line":92,"column":null}},"24":{"start":{"line":93,"column":6},"end":{"line":95,"column":null}},"25":{"start":{"line":100,"column":4},"end":{"line":110,"column":null}},"26":{"start":{"line":101,"column":31},"end":{"line":109,"column":null}},"27":{"start":{"line":113,"column":4},"end":{"line":113,"column":null}},"28":{"start":{"line":114,"column":4},"end":{"line":116,"column":null}}},"fnMap":{"0":{"name":"GET","decl":{"start":{"line":11,"column":22},"end":{"line":11,"column":25}},"loc":{"start":{"line":11,"column":42},"end":{"line":119,"column":null}}},"1":{"name":"(anonymous_4)","decl":{"start":{"line":71,"column":46},"end":{"line":71,"column":47}},"loc":{"start":{"line":71,"column":59},"end":{"line":80,"column":null}}},"2":{"name":"(anonymous_5)","decl":{"start":{"line":101,"column":25},"end":{"line":101,"column":31}},"loc":{"start":{"line":101,"column":31},"end":{"line":109,"column":null}}}},"branchMap":{"0":{"loc":{"start":{"line":18,"column":4},"end":{"line":83,"column":null}},"type":"if","locations":[{"start":{"line":18,"column":4},"end":{"line":83,"column":null}},{"start":{},"end":{}}]},"1":{"loc":{"start":{"line":21,"column":6},"end":{"line":26,"column":null}},"type":"if","locations":[{"start":{"line":21,"column":6},"end":{"line":26,"column":null}},{"start":{},"end":{}}]},"2":{"loc":{"start":{"line":21,"column":10},"end":{"line":21,"column":55}},"type":"binary-expr","locations":[{"start":{"line":21,"column":10},"end":{"line":21,"column":27}},{"start":{"line":21,"column":27},"end":{"line":21,"column":41}},{"start":{"line":21,"column":41},"end":{"line":21,"column":55}}]},"3":{"loc":{"start":{"line":47,"column":6},"end":{"line":53,"column":null}},"type":"if","locations":[{"start":{"line":47,"column":6},"end":{"line":53,"column":null}},{"start":{},"end":{}}]},"4":{"loc":{"start":{"line":55,"column":6},"end":{"line":60,"column":null}},"type":"if","locations":[{"start":{"line":55,"column":6},"end":{"line":60,"column":null}},{"start":{},"end":{}}]},"5":{"loc":{"start":{"line":77,"column":27},"end":{"line":77,"column":46}},"type":"binary-expr","locations":[{"start":{"line":77,"column":27},"end":{"line":77,"column":40}},{"start":{"line":77,"column":44},"end":{"line":77,"column":46}}]},"6":{"loc":{"start":{"line":78,"column":26},"end":{"line":78,"column":44}},"type":"binary-expr","locations":[{"start":{"line":78,"column":26},"end":{"line":78,"column":38}},{"start":{"line":78,"column":42},"end":{"line":78,"column":44}}]},"7":{"loc":{"start":{"line":91,"column":4},"end":{"line":97,"column":null}},"type":"if","locations":[{"start":{"line":91,"column":4},"end":{"line":97,"column":null}},{"start":{},"end":{}}]}},"s":{"0":0,"1":0,"2":0,"3":0,"4":0,"5":0,"6":0,"7":0,"8":0,"9":0,"10":0,"11":0,"12":0,"13":0,"14":0,"15":0,"16":0,"17":0,"18":0,"19":0,"20":0,"21":0,"22":0,"23":0,"24":0,"25":0,"26":0,"27":0,"28":0},"f":{"0":0,"1":0,"2":0},"b":{"0":[0,0],"1":[0,0],"2":[0,0,0],"3":[0,0],"4":[0,0],"5":[0,0],"6":[0,0],"7":[0,0]}}
,"C:\\Users\\asifi\\OneDrive\\Desktop\\AYA\\app\\src\\app\\api\\edges\\route.ts": {"path":"C:\\Users\\asifi\\OneDrive\\Desktop\\AYA\\app\\src\\app\\api\\edges\\route.ts","statementMap":{"0":{"start":{"line":34,"column":22},"end":{"line":34,"column":null}},"1":{"start":{"line":1,"column":29},"end":{"line":1,"column":null}},"2":{"start":{"line":2,"column":15},"end":{"line":2,"column":null}},"3":{"start":{"line":3,"column":17},"end":{"line":3,"column":null}},"4":{"start":{"line":35,"column":2},"end":{"line":53,"column":null}},"5":{"start":{"line":36,"column":21},"end":{"line":36,"column":null}},"6":{"start":{"line":37,"column":4},"end":{"line":37,"column":null}},"7":{"start":{"line":38,"column":25},"end":{"line":38,"column":null}},"8":{"start":{"line":39,"column":17},"end":{"line":39,"column":null}},"9":{"start":{"line":41,"column":4},"end":{"line":46,"column":null}},"10":{"start":{"line":48,"column":4},"end":{"line":48,"column":null}},"11":{"start":{"line":49,"column":4},"end":{"line":51,"column":null}}},"fnMap":{"0":{"name":"GET","decl":{"start":{"line":34,"column":22},"end":{"line":34,"column":null}},"loc":{"start":{"line":34,"column":22},"end":{"line":54,"column":null}}}},"branchMap":{"0":{"loc":{"start":{"line":43,"column":12},"end":{"line":43,"column":28}},"type":"binary-expr","locations":[{"start":{"line":43,"column":12},"end":{"line":43,"column":22}},{"start":{"line":43,"column":26},"end":{"line":43,"column":28}}]},"1":{"loc":{"start":{"line":45,"column":13},"end":{"line":45,"column":null}},"type":"binary-expr","locations":[{"start":{"line":45,"column":13},"end":{"line":45,"column":35}},{"start":{"line":45,"column":35},"end":{"line":45,"column":null}}]}},"s":{"0":0,"1":0,"2":0,"3":0,"4":0,"5":0,"6":0,"7":0,"8":0,"9":0,"10":0,"11":0},"f":{"0":0},"b":{"0":[0,0],"1":[0,0]}}
,"C:\\Users\\asifi\\OneDrive\\Desktop\\AYA\\app\\src\\app\\api\\hadith\\route.ts": {"path":"C:\\Users\\asifi\\OneDrive\\Desktop\\AYA\\app\\src\\app\\api\\hadith\\route.ts","statementMap":{"0":{"start":{"line":17,"column":22},"end":{"line":17,"column":null}},"1":{"start":{"line":1,"column":29},"end":{"line":1,"column":null}},"2":{"start":{"line":2,"column":15},"end":{"line":2,"column":null}},"3":{"start":{"line":3,"column":17},"end":{"line":3,"column":null}},"4":{"start":{"line":18,"column":2},"end":{"line":39,"column":null}},"5":{"start":{"line":20,"column":21},"end":{"line":20,"column":null}},"6":{"start":{"line":21,"column":4},"end":{"line":21,"column":null}},"7":{"start":{"line":22,"column":25},"end":{"line":22,"column":null}},"8":{"start":{"line":23,"column":17},"end":{"line":23,"column":null}},"9":{"start":{"line":24,"column":30},"end":{"line":24,"column":48}},"10":{"start":{"line":27,"column":4},"end":{"line":32,"column":null}},"11":{"start":{"line":34,"column":4},"end":{"line":34,"column":null}},"12":{"start":{"line":35,"column":4},"end":{"line":37,"column":null}}},"fnMap":{"0":{"name":"GET","decl":{"start":{"line":17,"column":22},"end":{"line":17,"column":null}},"loc":{"start":{"line":17,"column":22},"end":{"line":40,"column":null}}}},"branchMap":{"0":{"loc":{"start":{"line":24,"column":30},"end":{"line":24,"column":48}},"type":"binary-expr","locations":[{"start":{"line":24,"column":30},"end":{"line":24,"column":42}},{"start":{"line":24,"column":46},"end":{"line":24,"column":48}}]}},"s":{"0":0,"1":0,"2":0,"3":0,"4":0,"5":0,"6":0,"7":0,"8":0,"9":0,"10":0,"11":0,"12":0},"f":{"0":0},"b":{"0":[0,0]}}
,"C:\\Users\\asifi\\OneDrive\\Desktop\\AYA\\app\\src\\app\\api\\quran\\route.ts": {"path":"C:\\Users\\asifi\\OneDrive\\Desktop\\AYA\\app\\src\\app\\api\\quran\\route.ts","statementMap":{"0":{"start":{"line":4,"column":22},"end":{"line":4,"column":26}},"1":{"start":{"line":1,"column":29},"end":{"line":1,"column":null}},"2":{"start":{"line":2,"column":26},"end":{"line":2,"column":null}},"3":{"start":{"line":5,"column":2},"end":{"line":46,"column":null}},"4":{"start":{"line":6,"column":29},"end":{"line":6,"column":null}},"5":{"start":{"line":7,"column":24},"end":{"line":7,"column":null}},"6":{"start":{"line":9,"column":4},"end":{"line":16,"column":null}},"7":{"start":{"line":11,"column":20},"end":{"line":11,"column":null}},"8":{"start":{"line":12,"column":6},"end":{"line":14,"column":null}},"9":{"start":{"line":13,"column":8},"end":{"line":13,"column":null}},"10":{"start":{"line":15,"column":6},"end":{"line":15,"column":null}},"11":{"start":{"line":20,"column":25},"end":{"line":25,"column":null}},"12":{"start":{"line":21,"column":26},"end":{"line":21,"column":null}},"13":{"start":{"line":23,"column":24},"end":{"line":23,"column":null}},"14":{"start":{"line":24,"column":6},"end":{"line":24,"column":null}},"15":{"start":{"line":27,"column":22},"end":{"line":40,"column":null}},"16":{"start":{"line":30,"column":24},"end":{"line":30,"column":null}},"17":{"start":{"line":31,"column":10},"end":{"line":31,"column":null}},"18":{"start":{"line":31,"column":22},"end":{"line":31,"column":null}},"19":{"start":{"line":33,"column":10},"end":{"line":37,"column":null}},"20":{"start":{"line":39,"column":23},"end":{"line":39,"column":null}},"21":{"start":{"line":39,"column":42},"end":{"line":39,"column":null}},"22":{"start":{"line":42,"column":4},"end":{"line":42,"column":null}},"23":{"start":{"line":44,"column":4},"end":{"line":44,"column":null}},"24":{"start":{"line":45,"column":4},"end":{"line":45,"column":null}},"25":{"start":{"line":52,"column":24},"end":{"line":52,"column":null}},"26":{"start":{"line":53,"column":2},"end":{"line":53,"column":null}}},"fnMap":{"0":{"name":"GET","decl":{"start":{"line":4,"column":22},"end":{"line":4,"column":26}},"loc":{"start":{"line":4,"column":42},"end":{"line":47,"column":null}}},"1":{"name":"(anonymous_2)","decl":{"start":{"line":20,"column":53},"end":{"line":20,"column":54}},"loc":{"start":{"line":20,"column":57},"end":{"line":25,"column":null}}},"2":{"name":"(anonymous_3)","decl":{"start":{"line":29,"column":25},"end":{"line":29,"column":32}},"loc":{"start":{"line":29,"column":53},"end":{"line":38,"column":null}}},"3":{"name":"(anonymous_4)","decl":{"start":{"line":39,"column":13},"end":{"line":39,"column":23}},"loc":{"start":{"line":39,"column":23},"end":{"line":39,"column":null}}},"4":{"name":"(anonymous_5)","decl":{"start":{"line":39,"column":37},"end":{"line":39,"column":42}},"loc":{"start":{"line":39,"column":42},"end":{"line":39,"column":null}}},"5":{"name":"getRevelationType","decl":{"start":{"line":50,"column":9},"end":{"line":50,"column":27}},"loc":{"start":{"line":50,"column":46},"end":{"line":54,"column":null}}}},"branchMap":{"0":{"loc":{"start":{"line":9,"column":4},"end":{"line":16,"column":null}},"type":"if","locations":[{"start":{"line":9,"column":4},"end":{"line":16,"column":null}},{"start":{},"end":{}}]},"1":{"loc":{"start":{"line":12,"column":6},"end":{"line":14,"column":null}},"type":"if","locations":[{"start":{"line":12,"column":6},"end":{"line":14,"column":null}},{"start":{},"end":{}}]},"2":{"loc":{"start":{"line":23,"column":24},"end":{"line":23,"column":null}},"type":"cond-expr","locations":[{"start":{"line":23,"column":44},"end":{"line":23,"column":50}},{"start":{"line":23,"column":50},"end":{"line":23,"column":null}}]},"3":{"loc":{"start":{"line":31,"column":10},"end":{"line":31,"column":null}},"type":"if","locations":[{"start":{"line":31,"column":10},"end":{"line":31,"column":null}},{"start":{},"end":{}}]},"4":{"loc":{"start":{"line":53,"column":9},"end":{"line":53,"column":null}},"type":"cond-expr","locations":[{"start":{"line":53,"column":47},"end":{"line":53,"column":59}},{"start":{"line":53,"column":59},"end":{"line":53,"column":null}}]}},"s":{"0":0,"1":0,"2":0,"3":0,"4":0,"5":0,"6":0,"7":0,"8":0,"9":0,"10":0,"11":0,"12":0,"13":0,"14":0,"15":0,"16":0,"17":0,"18":0,"19":0,"20":0,"21":0,"22":0,"23":0,"24":0,"25":0,"26":0},"f":{"0":0,"1":0,"2":0,"3":0,"4":0,"5":0},"b":{"0":[0,0],"1":[0,0],"2":[0,0],"3":[0,0],"4":[0,0]}}
,"C:\\Users\\asifi\\OneDrive\\Desktop\\AYA\\app\\src\\app\\graph\\page.tsx": {"path":"C:\\Users\\asifi\\OneDrive\\Desktop\\AYA\\app\\src\\app\\graph\\page.tsx","statementMap":{"0":{"start":{"line":3,"column":24},"end":{"line":3,"column":null}},"1":{"start":{"line":1,"column":23},"end":{"line":1,"column":null}}},"fnMap":{"0":{"name":"GraphPage","decl":{"start":{"line":3,"column":24},"end":{"line":3,"column":null}},"loc":{"start":{"line":3,"column":24},"end":{"line":60,"column":null}}}},"branchMap":{},"s":{"0":0,"1":0},"f":{"0":0},"b":{}}
,"C:\\Users\\asifi\\OneDrive\\Desktop\\AYA\\app\\src\\components\\graph\\QuranGraph.original.tsx": {"path":"C:\\Users\\asifi\\OneDrive\\Desktop\\AYA\\app\\src\\components\\graph\\QuranGraph.original.tsx","statementMap":{"0":{"start":{"line":320,"column":24},"end":{"line":320,"column":null}},"1":{"start":{"line":3,"column":44},"end":{"line":3,"column":null}},"2":{"start":{"line":4,"column":33},"end":{"line":4,"column":null}},"3":{"start":{"line":5,"column":36},"end":{"line":5,"column":null}},"4":{"start":{"line":6,"column":23},"end":{"line":6,"column":null}},"5":{"start":{"line":12,"column":20},"end":{"line":19,"column":null}},"6":{"start":{"line":58,"column":46},"end":{"line":78,"column":null}},"7":{"start":{"line":93,"column":18},"end":{"line":93,"column":null}},"8":{"start":{"line":95,"column":2},"end":{"line":100,"column":null}},"9":{"start":{"line":96,"column":4},"end":{"line":99,"column":null}},"10":{"start":{"line":97,"column":26},"end":{"line":97,"column":null}},"11":{"start":{"line":98,"column":6},"end":{"line":98,"column":null}},"12":{"start":{"line":102,"column":21},"end":{"line":102,"column":45}},"13":{"start":{"line":103,"column":20},"end":{"line":103,"column":36}},"14":{"start":{"line":104,"column":21},"end":{"line":104,"column":null}},"15":{"start":{"line":105,"column":22},"end":{"line":105,"column":null}},"16":{"start":{"line":107,"column":16},"end":{"line":107,"column":null}},"17":{"start":{"line":108,"column":19},"end":{"line":108,"column":null}},"18":{"start":{"line":115,"column":29},"end":{"line":115,"column":null}},"19":{"start":{"line":116,"column":28},"end":{"line":116,"column":null}},"20":{"start":{"line":163,"column":18},"end":{"line":163,"column":null}},"21":{"start":{"line":165,"column":2},"end":{"line":171,"column":null}},"22":{"start":{"line":166,"column":4},"end":{"line":170,"column":null}},"23":{"start":{"line":167,"column":26},"end":{"line":167,"column":null}},"24":{"start":{"line":168,"column":6},"end":{"line":168,"column":null}},"25":{"start":{"line":169,"column":6},"end":{"line":169,"column":null}},"26":{"start":{"line":173,"column":20},"end":{"line":173,"column":null}},"27":{"start":{"line":174,"column":21},"end":{"line":174,"column":null}},"28":{"start":{"line":175,"column":22},"end":{"line":175,"column":null}},"29":{"start":{"line":177,"column":16},"end":{"line":177,"column":null}},"30":{"start":{"line":178,"column":19},"end":{"line":178,"column":null}},"31":{"start":{"line":185,"column":29},"end":{"line":185,"column":null}},"32":{"start":{"line":186,"column":28},"end":{"line":186,"column":null}},"33":{"start":{"line":221,"column":17},"end":{"line":221,"column":null}},"34":{"start":{"line":222,"column":23},"end":{"line":222,"column":null}},"35":{"start":{"line":245,"column":42},"end":{"line":245,"column":null}},"36":{"start":{"line":246,"column":40},"end":{"line":246,"column":null}},"37":{"start":{"line":248,"column":23},"end":{"line":252,"column":null}},"38":{"start":{"line":249,"column":25},"end":{"line":249,"column":66}},"39":{"start":{"line":250,"column":4},"end":{"line":250,"column":null}},"40":{"start":{"line":251,"column":4},"end":{"line":251,"column":null}},"41":{"start":{"line":254,"column":22},"end":{"line":257,"column":null}},"42":{"start":{"line":255,"column":4},"end":{"line":255,"column":null}},"43":{"start":{"line":256,"column":4},"end":{"line":256,"column":null}},"44":{"start":{"line":260,"column":71},"end":{"line":260,"column":73}},"45":{"start":{"line":261,"column":2},"end":{"line":270,"column":null}},"46":{"start":{"line":262,"column":4},"end":{"line":269,"column":null}},"47":{"start":{"line":263,"column":6},"end":{"line":268,"column":null}},"48":{"start":{"line":264,"column":23},"end":{"line":264,"column":null}},"49":{"start":{"line":264,"column":39},"end":{"line":264,"column":null}},"50":{"start":{"line":265,"column":8},"end":{"line":267,"column":null}},"51":{"start":{"line":266,"column":10},"end":{"line":266,"column":null}},"52":{"start":{"line":281,"column":8},"end":{"line":282,"column":null}},"53":{"start":{"line":289,"column":8},"end":{"line":300,"column":null}},"54":{"start":{"line":295,"column":28},"end":{"line":295,"column":null}},"55":{"start":{"line":296,"column":32},"end":{"line":296,"column":null}},"56":{"start":{"line":304,"column":28},"end":{"line":304,"column":null}},"57":{"start":{"line":305,"column":32},"end":{"line":305,"column":null}},"58":{"start":{"line":321,"column":42},"end":{"line":321,"column":null}},"59":{"start":{"line":322,"column":40},"end":{"line":322,"column":null}},"60":{"start":{"line":323,"column":34},"end":{"line":323,"column":null}},"61":{"start":{"line":324,"column":36},"end":{"line":324,"column":null}},"62":{"start":{"line":325,"column":40},"end":{"line":325,"column":null}},"63":{"start":{"line":326,"column":42},"end":{"line":326,"column":null}},"64":{"start":{"line":327,"column":44},"end":{"line":327,"column":null}},"65":{"start":{"line":329,"column":2},"end":{"line":412,"column":null}},"66":{"start":{"line":331,"column":6},"end":{"line":331,"column":null}},"67":{"start":{"line":332,"column":6},"end":{"line":409,"column":null}},"68":{"start":{"line":333,"column":30},"end":{"line":333,"column":null}},"69":{"start":{"line":334,"column":26},"end":{"line":334,"column":null}},"70":{"start":{"line":336,"column":40},"end":{"line":355,"column":null}},"71":{"start":{"line":337,"column":24},"end":{"line":337,"column":null}},"72":{"start":{"line":338,"column":25},"end":{"line":338,"column":null}},"73":{"start":{"line":339,"column":25},"end":{"line":339,"column":null}},"74":{"start":{"line":341,"column":10},"end":{"line":354,"column":null}},"75":{"start":{"line":357,"column":30},"end":{"line":357,"column":null}},"76":{"start":{"line":358,"column":26},"end":{"line":358,"column":null}},"77":{"start":{"line":360,"column":40},"end":{"line":360,"column":42}},"78":{"start":{"line":362,"column":8},"end":{"line":401,"column":null}},"79":{"start":{"line":363,"column":33},"end":{"line":363,"column":null}},"80":{"start":{"line":364,"column":29},"end":{"line":364,"column":null}},"81":{"start":{"line":366,"column":10},"end":{"line":400,"column":null}},"82":{"start":{"line":367,"column":39},"end":{"line":367,"column":null}},"83":{"start":{"line":367,"column":78},"end":{"line":367,"column":95}},"84":{"start":{"line":368,"column":37},"end":{"line":368,"column":null}},"85":{"start":{"line":368,"column":75},"end":{"line":368,"column":null}},"86":{"start":{"line":370,"column":12},"end":{"line":386,"column":null}},"87":{"start":{"line":371,"column":28},"end":{"line":371,"column":null}},"88":{"start":{"line":372,"column":29},"end":{"line":372,"column":null}},"89":{"start":{"line":374,"column":14},"end":{"line":385,"column":null}},"90":{"start":{"line":388,"column":12},"end":{"line":397,"column":null}},"91":{"start":{"line":389,"column":30},"end":{"line":389,"column":57}},"92":{"start":{"line":390,"column":31},"end":{"line":390,"column":63}},"93":{"start":{"line":392,"column":33},"end":{"line":392,"column":null}},"94":{"start":{"line":392,"column":55},"end":{"line":392,"column":null}},"95":{"start":{"line":394,"column":14},"end":{"line":396,"column":null}},"96":{"start":{"line":395,"column":16},"end":{"line":395,"column":null}},"97":{"start":{"line":399,"column":12},"end":{"line":399,"column":null}},"98":{"start":{"line":403,"column":8},"end":{"line":403,"column":null}},"99":{"start":{"line":404,"column":8},"end":{"line":404,"column":null}},"100":{"start":{"line":406,"column":8},"end":{"line":406,"column":null}},"101":{"start":{"line":408,"column":8},"end":{"line":408,"column":null}},"102":{"start":{"line":411,"column":4},"end":{"line":411,"column":null}},"103":{"start":{"line":414,"column":2},"end":{"line":442,"column":null}},"104":{"start":{"line":415,"column":19},"end":{"line":415,"column":null}},"105":{"start":{"line":417,"column":4},"end":{"line":423,"column":null}},"106":{"start":{"line":418,"column":6},"end":{"line":422,"column":null}},"107":{"start":{"line":419,"column":8},"end":{"line":419,"column":null}},"108":{"start":{"line":419,"column":32},"end":{"line":419,"column":null}},"109":{"start":{"line":420,"column":8},"end":{"line":420,"column":null}},"110":{"start":{"line":420,"column":33},"end":{"line":420,"column":null}},"111":{"start":{"line":421,"column":8},"end":{"line":421,"column":null}},"112":{"start":{"line":425,"column":4},"end":{"line":439,"column":null}},"113":{"start":{"line":426,"column":20},"end":{"line":426,"column":null}},"114":{"start":{"line":427,"column":6},"end":{"line":438,"column":null}},"115":{"start":{"line":428,"column":8},"end":{"line":432,"column":null}},"116":{"start":{"line":429,"column":10},"end":{"line":431,"column":null}},"117":{"start":{"line":433,"column":8},"end":{"line":436,"column":null}},"118":{"start":{"line":434,"column":10},"end":{"line":435,"column":null}},"119":{"start":{"line":437,"column":8},"end":{"line":437,"column":null}},"120":{"start":{"line":441,"column":4},"end":{"line":441,"column":null}},"121":{"start":{"line":444,"column":23},"end":{"line":447,"column":null}},"122":{"start":{"line":445,"column":4},"end":{"line":445,"column":null}},"123":{"start":{"line":445,"column":49},"end":{"line":445,"column":92}},"124":{"start":{"line":446,"column":4},"end":{"line":446,"column":null}},"125":{"start":{"line":449,"column":22},"end":{"line":449,"column":70}},"126":{"start":{"line":449,"column":43},"end":{"line":449,"column":64}},"127":{"start":{"line":450,"column":26},"end":{"line":451,"column":null}},"128":{"start":{"line":450,"column":47},"end":{"line":450,"column":68}},"129":{"start":{"line":451,"column":4},"end":{"line":451,"column":60}},"130":{"start":{"line":468,"column":29},"end":{"line":468,"column":null}},"131":{"start":{"line":479,"column":27},"end":{"line":479,"column":null}},"132":{"start":{"line":489,"column":25},"end":{"line":489,"column":44}},"133":{"start":{"line":490,"column":12},"end":{"line":492,"column":null}},"134":{"start":{"line":493,"column":31},"end":{"line":493,"column":null}},"135":{"start":{"line":565,"column":35},"end":{"line":565,"column":58}},"136":{"start":{"line":603,"column":22},"end":{"line":604,"column":null}}},"fnMap":{"0":{"name":"SurahNodeComponent","decl":{"start":{"line":80,"column":9},"end":{"line":80,"column":28}},"loc":{"start":{"line":92,"column":1},"end":{"line":148,"column":null}}},"1":{"name":"(anonymous_5)","decl":{"start":{"line":95,"column":11},"end":{"line":95,"column":null}},"loc":{"start":{"line":95,"column":11},"end":{"line":100,"column":null}}},"2":{"name":"(anonymous_6)","decl":{"start":{"line":115,"column":23},"end":{"line":115,"column":29}},"loc":{"start":{"line":115,"column":29},"end":{"line":115,"column":null}}},"3":{"name":"(anonymous_7)","decl":{"start":{"line":116,"column":22},"end":{"line":116,"column":28}},"loc":{"start":{"line":116,"column":28},"end":{"line":116,"column":null}}},"4":{"name":"HadithNodeComponent","decl":{"start":{"line":150,"column":9},"end":{"line":150,"column":29}},"loc":{"start":{"line":162,"column":1},"end":{"line":218,"column":null}}},"5":{"name":"(anonymous_9)","decl":{"start":{"line":165,"column":11},"end":{"line":165,"column":null}},"loc":{"start":{"line":165,"column":11},"end":{"line":171,"column":null}}},"6":{"name":"(anonymous_10)","decl":{"start":{"line":185,"column":23},"end":{"line":185,"column":29}},"loc":{"start":{"line":185,"column":29},"end":{"line":185,"column":null}}},"7":{"name":"(anonymous_11)","decl":{"start":{"line":186,"column":22},"end":{"line":186,"column":28}},"loc":{"start":{"line":186,"column":28},"end":{"line":186,"column":null}}},"8":{"name":"ConnectionLine","decl":{"start":{"line":220,"column":9},"end":{"line":220,"column":24}},"loc":{"start":{"line":220,"column":106},"end":{"line":234,"column":null}}},"9":{"name":"Scene","decl":{"start":{"line":236,"column":9},"end":{"line":236,"column":15}},"loc":{"start":{"line":244,"column":1},"end":{"line":318,"column":null}}},"10":{"name":"(anonymous_14)","decl":{"start":{"line":248,"column":23},"end":{"line":248,"column":24}},"loc":{"start":{"line":248,"column":24},"end":{"line":252,"column":null}}},"11":{"name":"(anonymous_15)","decl":{"start":{"line":254,"column":22},"end":{"line":254,"column":23}},"loc":{"start":{"line":254,"column":47},"end":{"line":257,"column":null}}},"12":{"name":"(anonymous_16)","decl":{"start":{"line":261,"column":16},"end":{"line":261,"column":null}},"loc":{"start":{"line":261,"column":16},"end":{"line":270,"column":null}}},"13":{"name":"(anonymous_17)","decl":{"start":{"line":263,"column":31},"end":{"line":263,"column":null}},"loc":{"start":{"line":263,"column":31},"end":{"line":268,"column":null}}},"14":{"name":"(anonymous_18)","decl":{"start":{"line":264,"column":34},"end":{"line":264,"column":39}},"loc":{"start":{"line":264,"column":39},"end":{"line":264,"column":null}}},"15":{"name":"(anonymous_19)","decl":{"start":{"line":280,"column":23},"end":{"line":280,"column":24}},"loc":{"start":{"line":281,"column":8},"end":{"line":282,"column":null}}},"16":{"name":"(anonymous_20)","decl":{"start":{"line":288,"column":17},"end":{"line":288,"column":null}},"loc":{"start":{"line":289,"column":8},"end":{"line":300,"column":null}}},"17":{"name":"(anonymous_21)","decl":{"start":{"line":295,"column":22},"end":{"line":295,"column":28}},"loc":{"start":{"line":295,"column":28},"end":{"line":295,"column":null}}},"18":{"name":"(anonymous_22)","decl":{"start":{"line":296,"column":21},"end":{"line":296,"column":22}},"loc":{"start":{"line":296,"column":32},"end":{"line":296,"column":null}}},"19":{"name":"(anonymous_23)","decl":{"start":{"line":304,"column":22},"end":{"line":304,"column":28}},"loc":{"start":{"line":304,"column":28},"end":{"line":304,"column":null}}},"20":{"name":"(anonymous_24)","decl":{"start":{"line":305,"column":21},"end":{"line":305,"column":22}},"loc":{"start":{"line":305,"column":32},"end":{"line":305,"column":null}}},"21":{"name":"QuranGraph","decl":{"start":{"line":320,"column":24},"end":{"line":320,"column":null}},"loc":{"start":{"line":320,"column":24},"end":{"line":625,"column":null}}},"22":{"name":"(anonymous_26)","decl":{"start":{"line":329,"column":12},"end":{"line":329,"column":null}},"loc":{"start":{"line":329,"column":12},"end":{"line":412,"column":5}}},"23":{"name":"loadData","decl":{"start":{"line":330,"column":19},"end":{"line":330,"column":null}},"loc":{"start":{"line":330,"column":19},"end":{"line":410,"column":null}}},"24":{"name":"(anonymous_28)","decl":{"start":{"line":336,"column":61},"end":{"line":336,"column":62}},"loc":{"start":{"line":336,"column":78},"end":{"line":355,"column":null}}},"25":{"name":"(anonymous_29)","decl":{"start":{"line":367,"column":66},"end":{"line":367,"column":67}},"loc":{"start":{"line":367,"column":78},"end":{"line":367,"column":95}}},"26":{"name":"(anonymous_30)","decl":{"start":{"line":368,"column":60},"end":{"line":368,"column":61}},"loc":{"start":{"line":368,"column":75},"end":{"line":368,"column":null}}},"27":{"name":"(anonymous_31)","decl":{"start":{"line":370,"column":47},"end":{"line":370,"column":48}},"loc":{"start":{"line":370,"column":59},"end":{"line":386,"column":null}}},"28":{"name":"(anonymous_32)","decl":{"start":{"line":388,"column":35},"end":{"line":388,"column":36}},"loc":{"start":{"line":388,"column":36},"end":{"line":397,"column":null}}},"29":{"name":"(anonymous_33)","decl":{"start":{"line":392,"column":50},"end":{"line":392,"column":55}},"loc":{"start":{"line":392,"column":55},"end":{"line":392,"column":null}}},"30":{"name":"(anonymous_34)","decl":{"start":{"line":414,"column":12},"end":{"line":414,"column":null}},"loc":{"start":{"line":414,"column":12},"end":{"line":442,"column":5}}},"31":{"name":"(anonymous_35)","decl":{"start":{"line":418,"column":33},"end":{"line":418,"column":null}},"loc":{"start":{"line":418,"column":33},"end":{"line":422,"column":null}}},"32":{"name":"(anonymous_36)","decl":{"start":{"line":427,"column":33},"end":{"line":427,"column":null}},"loc":{"start":{"line":427,"column":33},"end":{"line":438,"column":null}}},"33":{"name":"(anonymous_37)","decl":{"start":{"line":444,"column":55},"end":{"line":444,"column":56}},"loc":{"start":{"line":444,"column":61},"end":{"line":447,"column":5}}},"34":{"name":"(anonymous_38)","decl":{"start":{"line":445,"column":44},"end":{"line":445,"column":49}},"loc":{"start":{"line":445,"column":49},"end":{"line":445,"column":92}}},"35":{"name":"(anonymous_39)","decl":{"start":{"line":449,"column":38},"end":{"line":449,"column":43}},"loc":{"start":{"line":449,"column":43},"end":{"line":449,"column":64}}},"36":{"name":"(anonymous_40)","decl":{"start":{"line":450,"column":42},"end":{"line":450,"column":47}},"loc":{"start":{"line":450,"column":47},"end":{"line":450,"column":68}}},"37":{"name":"(anonymous_41)","decl":{"start":{"line":450,"column":75},"end":{"line":450,"column":76}},"loc":{"start":{"line":451,"column":4},"end":{"line":451,"column":60}}},"38":{"name":"(anonymous_42)","decl":{"start":{"line":468,"column":22},"end":{"line":468,"column":23}},"loc":{"start":{"line":468,"column":29},"end":{"line":468,"column":null}}},"39":{"name":"(anonymous_43)","decl":{"start":{"line":479,"column":21},"end":{"line":479,"column":27}},"loc":{"start":{"line":479,"column":27},"end":{"line":479,"column":null}}},"40":{"name":"(anonymous_44)","decl":{"start":{"line":488,"column":54},"end":{"line":488,"column":null}},"loc":{"start":{"line":488,"column":54},"end":{"line":506,"column":null}}},"41":{"name":"(anonymous_45)","decl":{"start":{"line":493,"column":25},"end":{"line":493,"column":31}},"loc":{"start":{"line":493,"column":31},"end":{"line":493,"column":null}}},"42":{"name":"(anonymous_46)","decl":{"start":{"line":565,"column":29},"end":{"line":565,"column":35}},"loc":{"start":{"line":565,"column":35},"end":{"line":565,"column":58}}},"43":{"name":"(anonymous_47)","decl":{"start":{"line":602,"column":50},"end":{"line":602,"column":null}},"loc":{"start":{"line":603,"column":22},"end":{"line":604,"column":null}}}},"branchMap":{"0":{"loc":{"start":{"line":96,"column":4},"end":{"line":99,"column":null}},"type":"if","locations":[{"start":{"line":96,"column":4},"end":{"line":99,"column":null}},{"start":{},"end":{}}]},"1":{"loc":{"start":{"line":97,"column":26},"end":{"line":97,"column":null}},"type":"cond-expr","locations":[{"start":{"line":97,"column":39},"end":{"line":97,"column":45}},{"start":{"line":97,"column":45},"end":{"line":97,"column":null}}]},"2":{"loc":{"start":{"line":97,"column":45},"end":{"line":97,"column":null}},"type":"cond-expr","locations":[{"start":{"line":97,"column":57},"end":{"line":97,"column":63}},{"start":{"line":97,"column":63},"end":{"line":97,"column":null}}]},"3":{"loc":{"start":{"line":107,"column":16},"end":{"line":107,"column":null}},"type":"cond-expr","locations":[{"start":{"line":107,"column":29},"end":{"line":107,"column":46}},{"start":{"line":107,"column":49},"end":{"line":107,"column":null}}]},"4":{"loc":{"start":{"line":107,"column":49},"end":{"line":107,"column":null}},"type":"cond-expr","locations":[{"start":{"line":107,"column":61},"end":{"line":107,"column":77}},{"start":{"line":107,"column":80},"end":{"line":107,"column":null}}]},"5":{"loc":{"start":{"line":122,"column":29},"end":{"line":122,"column":null}},"type":"cond-expr","locations":[{"start":{"line":122,"column":42},"end":{"line":122,"column":48}},{"start":{"line":122,"column":48},"end":{"line":122,"column":null}}]},"6":{"loc":{"start":{"line":122,"column":48},"end":{"line":122,"column":null}},"type":"cond-expr","locations":[{"start":{"line":122,"column":60},"end":{"line":122,"column":66}},{"start":{"line":122,"column":66},"end":{"line":122,"column":null}}]},"7":{"loc":{"start":{"line":140,"column":7},"end":{"line":140,"column":null}},"type":"binary-expr","locations":[{"start":{"line":140,"column":7},"end":{"line":140,"column":null}}]},"8":{"loc":{"start":{"line":166,"column":4},"end":{"line":170,"column":null}},"type":"if","locations":[{"start":{"line":166,"column":4},"end":{"line":170,"column":null}},{"start":{},"end":{}}]},"9":{"loc":{"start":{"line":167,"column":26},"end":{"line":167,"column":null}},"type":"cond-expr","locations":[{"start":{"line":167,"column":39},"end":{"line":167,"column":45}},{"start":{"line":167,"column":45},"end":{"line":167,"column":null}}]},"10":{"loc":{"start":{"line":167,"column":45},"end":{"line":167,"column":null}},"type":"cond-expr","locations":[{"start":{"line":167,"column":57},"end":{"line":167,"column":63}},{"start":{"line":167,"column":63},"end":{"line":167,"column":null}}]},"11":{"loc":{"start":{"line":177,"column":16},"end":{"line":177,"column":null}},"type":"cond-expr","locations":[{"start":{"line":177,"column":29},"end":{"line":177,"column":43}},{"start":{"line":177,"column":43},"end":{"line":177,"column":null}}]},"12":{"loc":{"start":{"line":177,"column":43},"end":{"line":177,"column":null}},"type":"cond-expr","locations":[{"start":{"line":177,"column":55},"end":{"line":177,"column":68}},{"start":{"line":177,"column":68},"end":{"line":177,"column":null}}]},"13":{"loc":{"start":{"line":192,"column":29},"end":{"line":192,"column":null}},"type":"cond-expr","locations":[{"start":{"line":192,"column":42},"end":{"line":192,"column":48}},{"start":{"line":192,"column":48},"end":{"line":192,"column":null}}]},"14":{"loc":{"start":{"line":192,"column":48},"end":{"line":192,"column":null}},"type":"cond-expr","locations":[{"start":{"line":192,"column":60},"end":{"line":192,"column":66}},{"start":{"line":192,"column":66},"end":{"line":192,"column":null}}]},"15":{"loc":{"start":{"line":210,"column":7},"end":{"line":210,"column":null}},"type":"binary-expr","locations":[{"start":{"line":210,"column":7},"end":{"line":210,"column":null}}]},"16":{"loc":{"start":{"line":249,"column":25},"end":{"line":249,"column":66}},"type":"cond-expr","locations":[{"start":{"line":249,"column":52},"end":{"line":249,"column":59}},{"start":{"line":249,"column":59},"end":{"line":249,"column":66}}]},"17":{"loc":{"start":{"line":251,"column":17},"end":{"line":251,"column":null}},"type":"cond-expr","locations":[{"start":{"line":251,"column":32},"end":{"line":251,"column":39}},{"start":{"line":251,"column":39},"end":{"line":251,"column":null}}]},"18":{"loc":{"start":{"line":255,"column":19},"end":{"line":255,"column":null}},"type":"cond-expr","locations":[{"start":{"line":255,"column":35},"end":{"line":255,"column":42}},{"start":{"line":255,"column":45},"end":{"line":255,"column":null}}]},"19":{"loc":{"start":{"line":255,"column":19},"end":{"line":255,"column":35}},"type":"binary-expr","locations":[{"start":{"line":255,"column":19},"end":{"line":255,"column":28}},{"start":{"line":255,"column":28},"end":{"line":255,"column":35}}]},"20":{"loc":{"start":{"line":256,"column":16},"end":{"line":256,"column":null}},"type":"cond-expr","locations":[{"start":{"line":256,"column":24},"end":{"line":256,"column":31}},{"start":{"line":256,"column":31},"end":{"line":256,"column":null}}]},"21":{"loc":{"start":{"line":262,"column":4},"end":{"line":269,"column":null}},"type":"if","locations":[{"start":{"line":262,"column":4},"end":{"line":269,"column":null}},{"start":{},"end":{}}]},"22":{"loc":{"start":{"line":265,"column":8},"end":{"line":267,"column":null}},"type":"if","locations":[{"start":{"line":265,"column":8},"end":{"line":267,"column":null}},{"start":{},"end":{}}]},"23":{"loc":{"start":{"line":289,"column":8},"end":{"line":300,"column":null}},"type":"cond-expr","locations":[{"start":{"line":290,"column":10},"end":{"line":291,"column":null}},{"start":{"line":299,"column":10},"end":{"line":300,"column":null}}]},"24":{"loc":{"start":{"line":345,"column":18},"end":{"line":345,"column":62}},"type":"binary-expr","locations":[{"start":{"line":345,"column":18},"end":{"line":345,"column":32}},{"start":{"line":345,"column":36},"end":{"line":345,"column":62}}]},"25":{"loc":{"start":{"line":353,"column":20},"end":{"line":353,"column":null}},"type":"binary-expr","locations":[{"start":{"line":353,"column":20},"end":{"line":353,"column":50}},{"start":{"line":353,"column":54},"end":{"line":353,"column":null}}]},"26":{"loc":{"start":{"line":362,"column":8},"end":{"line":401,"column":null}},"type":"if","locations":[{"start":{"line":362,"column":8},"end":{"line":401,"column":null}},{"start":{},"end":{}}]},"27":{"loc":{"start":{"line":362,"column":12},"end":{"line":362,"column":60}},"type":"binary-expr","locations":[{"start":{"line":362,"column":12},"end":{"line":362,"column":29}},{"start":{"line":362,"column":33},"end":{"line":362,"column":60}}]},"28":{"loc":{"start":{"line":366,"column":10},"end":{"line":400,"column":null}},"type":"if","locations":[{"start":{"line":366,"column":10},"end":{"line":400,"column":null}},{"start":{},"end":{}}]},"29":{"loc":{"start":{"line":394,"column":14},"end":{"line":396,"column":null}},"type":"if","locations":[{"start":{"line":394,"column":14},"end":{"line":396,"column":null}},{"start":{},"end":{}}]},"30":{"loc":{"start":{"line":394,"column":18},"end":{"line":394,"column":75}},"type":"binary-expr","locations":[{"start":{"line":394,"column":18},"end":{"line":394,"column":32}},{"start":{"line":394,"column":32},"end":{"line":394,"column":75}}]},"31":{"loc":{"start":{"line":417,"column":4},"end":{"line":423,"column":null}},"type":"if","locations":[{"start":{"line":417,"column":4},"end":{"line":423,"column":null}},{"start":{},"end":{}}]},"32":{"loc":{"start":{"line":419,"column":8},"end":{"line":419,"column":null}},"type":"if","locations":[{"start":{"line":419,"column":8},"end":{"line":419,"column":null}},{"start":{},"end":{}}]},"33":{"loc":{"start":{"line":420,"column":8},"end":{"line":420,"column":null}},"type":"if","locations":[{"start":{"line":420,"column":8},"end":{"line":420,"column":null}},{"start":{},"end":{}}]},"34":{"loc":{"start":{"line":425,"column":4},"end":{"line":439,"column":null}},"type":"if","locations":[{"start":{"line":425,"column":4},"end":{"line":439,"column":null}},{"start":{},"end":{}}]},"35":{"loc":{"start":{"line":428,"column":8},"end":{"line":432,"column":null}},"type":"if","locations":[{"start":{"line":428,"column":8},"end":{"line":432,"column":null}},{"start":{},"end":{}}]},"36":{"loc":{"start":{"line":429,"column":17},"end":{"line":431,"column":null}},"type":"binary-expr","locations":[{"start":{"line":429,"column":17},"end":{"line":429,"column":null}},{"start":{"line":430,"column":17},"end":{"line":430,"column":null}},{"start":{"line":431,"column":17},"end":{"line":431,"column":null}}]},"37":{"loc":{"start":{"line":433,"column":8},"end":{"line":436,"column":null}},"type":"if","locations":[{"start":{"line":433,"column":8},"end":{"line":436,"column":null}},{"start":{},"end":{}}]},"38":{"loc":{"start":{"line":434,"column":17},"end":{"line":435,"column":null}},"type":"binary-expr","locations":[{"start":{"line":434,"column":17},"end":{"line":434,"column":null}},{"start":{"line":435,"column":17},"end":{"line":435,"column":null}}]},"39":{"loc":{"start":{"line":445,"column":49},"end":{"line":445,"column":92}},"type":"binary-expr","locations":[{"start":{"line":445,"column":49},"end":{"line":445,"column":71}},{"start":{"line":445,"column":71},"end":{"line":445,"column":92}}]},"40":{"loc":{"start":{"line":451,"column":11},"end":{"line":451,"column":60}},"type":"cond-expr","locations":[{"start":{"line":451,"column":33},"end":{"line":451,"column":53}},{"start":{"line":451,"column":56},"end":{"line":451,"column":60}}]},"41":{"loc":{"start":{"line":460,"column":9},"end":{"line":460,"column":23}},"type":"binary-expr","locations":[{"start":{"line":460,"column":9},"end":{"line":460,"column":23}}]},"42":{"loc":{"start":{"line":481,"column":14},"end":{"line":483,"column":null}},"type":"cond-expr","locations":[{"start":{"line":482,"column":18},"end":{"line":482,"column":null}},{"start":{"line":483,"column":18},"end":{"line":483,"column":null}}]},"43":{"loc":{"start":{"line":495,"column":18},"end":{"line":495,"column":null}},"type":"cond-expr","locations":[{"start":{"line":495,"column":44},"end":{"line":495,"column":57}},{"start":{"line":495,"column":57},"end":{"line":495,"column":null}}]},"44":{"loc":{"start":{"line":497,"column":23},"end":{"line":501,"column":null}},"type":"cond-expr","locations":[{"start":{"line":497,"column":49},"end":{"line":501,"column":20}},{"start":{"line":501,"column":20},"end":{"line":501,"column":null}}]},"45":{"loc":{"start":{"line":511,"column":8},"end":{"line":515,"column":9}},"type":"cond-expr","locations":[{"start":{"line":511,"column":8},"end":{"line":515,"column":9}}]},"46":{"loc":{"start":{"line":522,"column":7},"end":{"line":522,"column":22}},"type":"binary-expr","locations":[{"start":{"line":522,"column":7},"end":{"line":522,"column":22}},{"start":{"line":522,"column":22},"end":{"line":522,"column":null}}]},"47":{"loc":{"start":{"line":526,"column":14},"end":{"line":535,"column":null}},"type":"cond-expr","locations":[{"start":{"line":526,"column":14},"end":{"line":535,"column":null}}]},"48":{"loc":{"start":{"line":544,"column":7},"end":{"line":544,"column":null}},"type":"binary-expr","locations":[{"start":{"line":544,"column":7},"end":{"line":544,"column":null}}]},"49":{"loc":{"start":{"line":549,"column":16},"end":{"line":559,"column":null}},"type":"cond-expr","locations":[{"start":{"line":549,"column":16},"end":{"line":559,"column":null}}]},"50":{"loc":{"start":{"line":569,"column":12},"end":{"line":582,"column":null}},"type":"cond-expr","locations":[{"start":{"line":569,"column":12},"end":{"line":582,"column":null}}]},"51":{"loc":{"start":{"line":596,"column":15},"end":{"line":596,"column":null}},"type":"binary-expr","locations":[{"start":{"line":596,"column":15},"end":{"line":596,"column":null}}]}},"s":{"0":0,"1":0,"2":0,"3":0,"4":0,"5":0,"6":0,"7":0,"8":0,"9":0,"10":0,"11":0,"12":0,"13":0,"14":0,"15":0,"16":0,"17":0,"18":0,"19":0,"20":0,"21":0,"22":0,"23":0,"24":0,"25":0,"26":0,"27":0,"28":0,"29":0,"30":0,"31":0,"32":0,"33":0,"34":0,"35":0,"36":0,"37":0,"38":0,"39":0,"40":0,"41":0,"42":0,"43":0,"44":0,"45":0,"46":0,"47":0,"48":0,"49":0,"50":0,"51":0,"52":0,"53":0,"54":0,"55":0,"56":0,"57":0,"58":0,"59":0,"60":0,"61":0,"62":0,"63":0,"64":0,"65":0,"66":0,"67":0,"68":0,"69":0,"70":0,"71":0,"72":0,"73":0,"74":0,"75":0,"76":0,"77":0,"78":0,"79":0,"80":0,"81":0,"82":0,"83":0,"84":0,"85":0,"86":0,"87":0,"88":0,"89":0,"90":0,"91":0,"92":0,"93":0,"94":0,"95":0,"96":0,"97":0,"98":0,"99":0,"100":0,"101":0,"102":0,"103":0,"104":0,"105":0,"106":0,"107":0,"108":0,"109":0,"110":0,"111":0,"112":0,"113":0,"114":0,"115":0,"116":0,"117":0,"118":0,"119":0,"120":0,"121":0,"122":0,"123":0,"124":0,"125":0,"126":0,"127":0,"128":0,"129":0,"130":0,"131":0,"132":0,"133":0,"134":0,"135":0,"136":0},"f":{"0":0,"1":0,"2":0,"3":0,"4":0,"5":0,"6":0,"7":0,"8":0,"9":0,"10":0,"11":0,"12":0,"13":0,"14":0,"15":0,"16":0,"17":0,"18":0,"19":0,"20":0,"21":0,"22":0,"23":0,"24":0,"25":0,"26":0,"27":0,"28":0,"29":0,"30":0,"31":0,"32":0,"33":0,"34":0,"35":0,"36":0,"37":0,"38":0,"39":0,"40":0,"41":0,"42":0,"43":0},"b":{"0":[0,0],"1":[0,0],"2":[0,0],"3":[0,0],"4":[0,0],"5":[0,0],"6":[0,0],"7":[0],"8":[0,0],"9":[0,0],"10":[0,0],"11":[0,0],"12":[0,0],"13":[0,0],"14":[0,0],"15":[0],"16":[0,0],"17":[0,0],"18":[0,0],"19":[0,0],"20":[0,0],"21":[0,0],"22":[0,0],"23":[0,0],"24":[0,0],"25":[0,0],"26":[0,0],"27":[0,0],"28":[0,0],"29":[0,0],"30":[0,0],"31":[0,0],"32":[0,0],"33":[0,0],"34":[0,0],"35":[0,0],"36":[0,0,0],"37":[0,0],"38":[0,0],"39":[0,0],"40":[0,0],"41":[0],"42":[0,0],"43":[0,0],"44":[0,0],"45":[0],"46":[0,0],"47":[0],"48":[0],"49":[0],"50":[0],"51":[0]}}
,"C:\\Users\\asifi\\OneDrive\\Desktop\\AYA\\app\\src\\components\\graph\\QuranGraph.refactored.tsx": {"path":"C:\\Users\\asifi\\OneDrive\\Desktop\\AYA\\app\\src\\components\\graph\\QuranGraph.refactored.tsx","statementMap":{"0":{"start":{"line":34,"column":24},"end":{"line":34,"column":null}},"1":{"start":{"line":19,"column":24},"end":{"line":19,"column":null}},"2":{"start":{"line":20,"column":23},"end":{"line":20,"column":null}},"3":{"start":{"line":21,"column":29},"end":{"line":21,"column":null}},"4":{"start":{"line":22,"column":32},"end":{"line":22,"column":null}},"5":{"start":{"line":23,"column":33},"end":{"line":23,"column":null}},"6":{"start":{"line":24,"column":18},"end":{"line":24,"column":null}},"7":{"start":{"line":25,"column":22},"end":{"line":25,"column":null}},"8":{"start":{"line":26,"column":25},"end":{"line":26,"column":null}},"9":{"start":{"line":27,"column":25},"end":{"line":27,"column":null}},"10":{"start":{"line":28,"column":29},"end":{"line":28,"column":null}},"11":{"start":{"line":29,"column":25},"end":{"line":29,"column":null}},"12":{"start":{"line":30,"column":29},"end":{"line":30,"column":null}},"13":{"start":{"line":31,"column":25},"end":{"line":31,"column":null}},"14":{"start":{"line":32,"column":36},"end":{"line":32,"column":null}},"15":{"start":{"line":36,"column":47},"end":{"line":36,"column":null}},"16":{"start":{"line":45,"column":6},"end":{"line":45,"column":null}},"17":{"start":{"line":54,"column":6},"end":{"line":54,"column":null}},"18":{"start":{"line":57,"column":23},"end":{"line":64,"column":null}},"19":{"start":{"line":58,"column":4},"end":{"line":63,"column":null}},"20":{"start":{"line":59,"column":6},"end":{"line":61,"column":null}},"21":{"start":{"line":60,"column":13},"end":{"line":60,"column":null}},"22":{"start":{"line":62,"column":6},"end":{"line":62,"column":null}}},"fnMap":{"0":{"name":"QuranGraph","decl":{"start":{"line":34,"column":24},"end":{"line":34,"column":null}},"loc":{"start":{"line":34,"column":24},"end":{"line":118,"column":null}}},"1":{"name":"(anonymous_3)","decl":{"start":{"line":57,"column":31},"end":{"line":57,"column":null}},"loc":{"start":{"line":57,"column":31},"end":{"line":64,"column":5}}},"2":{"name":"(anonymous_4)","decl":{"start":{"line":58,"column":43},"end":{"line":58,"column":44}},"loc":{"start":{"line":58,"column":49},"end":{"line":63,"column":7}}},"3":{"name":"(anonymous_5)","decl":{"start":{"line":60,"column":8},"end":{"line":60,"column":13}},"loc":{"start":{"line":60,"column":13},"end":{"line":60,"column":null}}}},"branchMap":{"0":{"loc":{"start":{"line":60,"column":13},"end":{"line":60,"column":null}},"type":"binary-expr","locations":[{"start":{"line":60,"column":13},"end":{"line":60,"column":35}},{"start":{"line":60,"column":35},"end":{"line":60,"column":null}}]},"1":{"loc":{"start":{"line":70,"column":9},"end":{"line":70,"column":23}},"type":"binary-expr","locations":[{"start":{"line":70,"column":9},"end":{"line":70,"column":23}},{"start":{"line":70,"column":23},"end":{"line":70,"column":null}}]},"2":{"loc":{"start":{"line":94,"column":7},"end":{"line":94,"column":null}},"type":"binary-expr","locations":[{"start":{"line":94,"column":7},"end":{"line":94,"column":20}},{"start":{"line":94,"column":20},"end":{"line":94,"column":null}}]},"3":{"loc":{"start":{"line":97,"column":7},"end":{"line":97,"column":16}},"type":"binary-expr","locations":[{"start":{"line":97,"column":7},"end":{"line":97,"column":16}}]},"4":{"loc":{"start":{"line":100,"column":7},"end":{"line":100,"column":21}},"type":"binary-expr","locations":[{"start":{"line":100,"column":7},"end":{"line":100,"column":21}},{"start":{"line":100,"column":21},"end":{"line":100,"column":31}}]},"5":{"loc":{"start":{"line":103,"column":7},"end":{"line":103,"column":22}},"type":"binary-expr","locations":[{"start":{"line":103,"column":7},"end":{"line":103,"column":22}},{"start":{"line":103,"column":22},"end":{"line":103,"column":39}}]},"6":{"loc":{"start":{"line":106,"column":7},"end":{"line":106,"column":null}},"type":"binary-expr","locations":[{"start":{"line":106,"column":7},"end":{"line":106,"column":null}}]}},"s":{"0":0,"1":0,"2":0,"3":0,"4":0,"5":0,"6":0,"7":0,"8":0,"9":0,"10":0,"11":0,"12":0,"13":0,"14":0,"15":0,"16":0,"17":0,"18":0,"19":0,"20":0,"21":0,"22":0},"f":{"0":0,"1":0,"2":0,"3":0},"b":{"0":[0,0],"1":[0,0],"2":[0,0],"3":[0],"4":[0,0],"5":[0,0],"6":[0]}}
,"C:\\Users\\asifi\\OneDrive\\Desktop\\AYA\\app\\src\\components\\graph\\QuranGraph.tsx": {"path":"C:\\Users\\asifi\\OneDrive\\Desktop\\AYA\\app\\src\\components\\graph\\QuranGraph.tsx","statementMap":{"0":{"start":{"line":34,"column":24},"end":{"line":34,"column":null}},"1":{"start":{"line":19,"column":24},"end":{"line":19,"column":null}},"2":{"start":{"line":20,"column":23},"end":{"line":20,"column":null}},"3":{"start":{"line":21,"column":29},"end":{"line":21,"column":null}},"4":{"start":{"line":22,"column":32},"end":{"line":22,"column":null}},"5":{"start":{"line":23,"column":33},"end":{"line":23,"column":null}},"6":{"start":{"line":24,"column":18},"end":{"line":24,"column":null}},"7":{"start":{"line":25,"column":22},"end":{"line":25,"column":null}},"8":{"start":{"line":26,"column":25},"end":{"line":26,"column":null}},"9":{"start":{"line":27,"column":25},"end":{"line":27,"column":null}},"10":{"start":{"line":28,"column":29},"end":{"line":28,"column":null}},"11":{"start":{"line":29,"column":25},"end":{"line":29,"column":null}},"12":{"start":{"line":30,"column":29},"end":{"line":30,"column":null}},"13":{"start":{"line":31,"column":25},"end":{"line":31,"column":null}},"14":{"start":{"line":32,"column":36},"end":{"line":32,"column":null}},"15":{"start":{"line":36,"column":47},"end":{"line":36,"column":null}},"16":{"start":{"line":45,"column":6},"end":{"line":45,"column":null}},"17":{"start":{"line":54,"column":6},"end":{"line":54,"column":null}},"18":{"start":{"line":57,"column":23},"end":{"line":64,"column":null}},"19":{"start":{"line":58,"column":4},"end":{"line":63,"column":null}},"20":{"start":{"line":59,"column":6},"end":{"line":61,"column":null}},"21":{"start":{"line":60,"column":13},"end":{"line":60,"column":null}},"22":{"start":{"line":62,"column":6},"end":{"line":62,"column":null}}},"fnMap":{"0":{"name":"QuranGraph","decl":{"start":{"line":34,"column":24},"end":{"line":34,"column":null}},"loc":{"start":{"line":34,"column":24},"end":{"line":118,"column":null}}},"1":{"name":"(anonymous_3)","decl":{"start":{"line":57,"column":31},"end":{"line":57,"column":null}},"loc":{"start":{"line":57,"column":31},"end":{"line":64,"column":5}}},"2":{"name":"(anonymous_4)","decl":{"start":{"line":58,"column":43},"end":{"line":58,"column":44}},"loc":{"start":{"line":58,"column":49},"end":{"line":63,"column":7}}},"3":{"name":"(anonymous_5)","decl":{"start":{"line":60,"column":8},"end":{"line":60,"column":13}},"loc":{"start":{"line":60,"column":13},"end":{"line":60,"column":null}}}},"branchMap":{"0":{"loc":{"start":{"line":60,"column":13},"end":{"line":60,"column":null}},"type":"binary-expr","locations":[{"start":{"line":60,"column":13},"end":{"line":60,"column":35}},{"start":{"line":60,"column":35},"end":{"line":60,"column":null}}]},"1":{"loc":{"start":{"line":70,"column":9},"end":{"line":70,"column":23}},"type":"binary-expr","locations":[{"start":{"line":70,"column":9},"end":{"line":70,"column":23}},{"start":{"line":70,"column":23},"end":{"line":70,"column":null}}]},"2":{"loc":{"start":{"line":94,"column":7},"end":{"line":94,"column":null}},"type":"binary-expr","locations":[{"start":{"line":94,"column":7},"end":{"line":94,"column":20}},{"start":{"line":94,"column":20},"end":{"line":94,"column":null}}]},"3":{"loc":{"start":{"line":97,"column":7},"end":{"line":97,"column":16}},"type":"binary-expr","locations":[{"start":{"line":97,"column":7},"end":{"line":97,"column":16}}]},"4":{"loc":{"start":{"line":100,"column":7},"end":{"line":100,"column":21}},"type":"binary-expr","locations":[{"start":{"line":100,"column":7},"end":{"line":100,"column":21}},{"start":{"line":100,"column":21},"end":{"line":100,"column":31}}]},"5":{"loc":{"start":{"line":103,"column":7},"end":{"line":103,"column":22}},"type":"binary-expr","locations":[{"start":{"line":103,"column":7},"end":{"line":103,"column":22}},{"start":{"line":103,"column":22},"end":{"line":103,"column":39}}]},"6":{"loc":{"start":{"line":106,"column":7},"end":{"line":106,"column":null}},"type":"binary-expr","locations":[{"start":{"line":106,"column":7},"end":{"line":106,"column":null}}]}},"s":{"0":0,"1":0,"2":0,"3":0,"4":0,"5":0,"6":0,"7":0,"8":0,"9":0,"10":0,"11":0,"12":0,"13":0,"14":0,"15":0,"16":0,"17":0,"18":0,"19":0,"20":0,"21":0,"22":0},"f":{"0":0,"1":0,"2":0,"3":0},"b":{"0":[0,0],"1":[0,0],"2":[0,0],"3":[0],"4":[0,0],"5":[0,0],"6":[0]}}
,"C:\\Users\\asifi\\OneDrive\\Desktop\\AYA\\app\\src\\components\\graph\\Scene.tsx": {"path":"C:\\Users\\asifi\\OneDrive\\Desktop\\AYA\\app\\src\\components\\graph\\Scene.tsx","statementMap":{"0":{"start":{"line":22,"column":24},"end":{"line":22,"column":30}},"1":{"start":{"line":9,"column":25},"end":{"line":9,"column":null}},"2":{"start":{"line":10,"column":30},"end":{"line":10,"column":null}},"3":{"start":{"line":12,"column":22},"end":{"line":12,"column":null}},"4":{"start":{"line":13,"column":23},"end":{"line":13,"column":null}},"5":{"start":{"line":14,"column":28},"end":{"line":14,"column":null}},"6":{"start":{"line":23,"column":46},"end":{"line":23,"column":null}},"7":{"start":{"line":24,"column":44},"end":{"line":24,"column":null}},"8":{"start":{"line":26,"column":23},"end":{"line":30,"column":null}},"9":{"start":{"line":27,"column":25},"end":{"line":27,"column":68}},"10":{"start":{"line":28,"column":4},"end":{"line":28,"column":null}},"11":{"start":{"line":29,"column":4},"end":{"line":29,"column":null}},"12":{"start":{"line":32,"column":22},"end":{"line":35,"column":null}},"13":{"start":{"line":33,"column":4},"end":{"line":33,"column":null}},"14":{"start":{"line":34,"column":4},"end":{"line":34,"column":null}},"15":{"start":{"line":51,"column":8},"end":{"line":62,"column":null}},"16":{"start":{"line":57,"column":28},"end":{"line":57,"column":null}},"17":{"start":{"line":58,"column":30},"end":{"line":58,"column":null}},"18":{"start":{"line":66,"column":28},"end":{"line":66,"column":null}},"19":{"start":{"line":67,"column":30},"end":{"line":67,"column":null}}},"fnMap":{"0":{"name":"Scene","decl":{"start":{"line":22,"column":24},"end":{"line":22,"column":30}},"loc":{"start":{"line":22,"column":78},"end":{"line":81,"column":null}}},"1":{"name":"(anonymous_3)","decl":{"start":{"line":26,"column":23},"end":{"line":26,"column":24}},"loc":{"start":{"line":26,"column":24},"end":{"line":30,"column":null}}},"2":{"name":"(anonymous_4)","decl":{"start":{"line":32,"column":22},"end":{"line":32,"column":23}},"loc":{"start":{"line":32,"column":47},"end":{"line":35,"column":null}}},"3":{"name":"(anonymous_5)","decl":{"start":{"line":50,"column":17},"end":{"line":50,"column":null}},"loc":{"start":{"line":51,"column":8},"end":{"line":62,"column":null}}},"4":{"name":"(anonymous_6)","decl":{"start":{"line":57,"column":22},"end":{"line":57,"column":28}},"loc":{"start":{"line":57,"column":28},"end":{"line":57,"column":null}}},"5":{"name":"(anonymous_7)","decl":{"start":{"line":58,"column":21},"end":{"line":58,"column":30}},"loc":{"start":{"line":58,"column":30},"end":{"line":58,"column":null}}},"6":{"name":"(anonymous_8)","decl":{"start":{"line":66,"column":22},"end":{"line":66,"column":28}},"loc":{"start":{"line":66,"column":28},"end":{"line":66,"column":null}}},"7":{"name":"(anonymous_9)","decl":{"start":{"line":67,"column":21},"end":{"line":67,"column":30}},"loc":{"start":{"line":67,"column":30},"end":{"line":67,"column":null}}}},"branchMap":{"0":{"loc":{"start":{"line":27,"column":25},"end":{"line":27,"column":68}},"type":"cond-expr","locations":[{"start":{"line":27,"column":54},"end":{"line":27,"column":61}},{"start":{"line":27,"column":61},"end":{"line":27,"column":68}}]},"1":{"loc":{"start":{"line":29,"column":17},"end":{"line":29,"column":null}},"type":"cond-expr","locations":[{"start":{"line":29,"column":32},"end":{"line":29,"column":39}},{"start":{"line":29,"column":39},"end":{"line":29,"column":null}}]},"2":{"loc":{"start":{"line":33,"column":21},"end":{"line":33,"column":null}},"type":"cond-expr","locations":[{"start":{"line":33,"column":37},"end":{"line":33,"column":44}},{"start":{"line":33,"column":47},"end":{"line":33,"column":null}}]},"3":{"loc":{"start":{"line":33,"column":21},"end":{"line":33,"column":37}},"type":"binary-expr","locations":[{"start":{"line":33,"column":21},"end":{"line":33,"column":30}},{"start":{"line":33,"column":30},"end":{"line":33,"column":37}}]},"4":{"loc":{"start":{"line":34,"column":16},"end":{"line":34,"column":null}},"type":"cond-expr","locations":[{"start":{"line":34,"column":24},"end":{"line":34,"column":31}},{"start":{"line":34,"column":31},"end":{"line":34,"column":null}}]},"5":{"loc":{"start":{"line":51,"column":8},"end":{"line":62,"column":null}},"type":"cond-expr","locations":[{"start":{"line":52,"column":10},"end":{"line":53,"column":null}},{"start":{"line":61,"column":10},"end":{"line":62,"column":null}}]}},"s":{"0":0,"1":0,"2":0,"3":0,"4":0,"5":0,"6":0,"7":0,"8":0,"9":0,"10":0,"11":0,"12":0,"13":0,"14":0,"15":0,"16":0,"17":0,"18":0,"19":0},"f":{"0":0,"1":0,"2":0,"3":0,"4":0,"5":0,"6":0,"7":0},"b":{"0":[0,0],"1":[0,0],"2":[0,0],"3":[0,0],"4":[0,0],"5":[0,0]}}
,"C:\\Users\\asifi\\OneDrive\\Desktop\\AYA\\app\\src\\components\\graph\\nodes\\ConnectionLines.tsx": {"path":"C:\\Users\\asifi\\OneDrive\\Desktop\\AYA\\app\\src\\components\\graph\\nodes\\ConnectionLines.tsx","statementMap":{"0":{"start":{"line":17,"column":24},"end":{"line":17,"column":40}},"1":{"start":{"line":9,"column":24},"end":{"line":9,"column":null}},"2":{"start":{"line":10,"column":23},"end":{"line":10,"column":null}},"3":{"start":{"line":19,"column":22},"end":{"line":34,"column":null}},"4":{"start":{"line":20,"column":68},"end":{"line":20,"column":70}},"5":{"start":{"line":22,"column":4},"end":{"line":31,"column":null}},"6":{"start":{"line":23,"column":6},"end":{"line":30,"column":null}},"7":{"start":{"line":24,"column":8},"end":{"line":29,"column":null}},"8":{"start":{"line":25,"column":25},"end":{"line":25,"column":null}},"9":{"start":{"line":25,"column":41},"end":{"line":25,"column":null}},"10":{"start":{"line":26,"column":10},"end":{"line":28,"column":null}},"11":{"start":{"line":27,"column":12},"end":{"line":27,"column":null}},"12":{"start":{"line":33,"column":4},"end":{"line":33,"column":null}},"13":{"start":{"line":39,"column":8},"end":{"line":40,"column":null}},"14":{"start":{"line":59,"column":17},"end":{"line":61,"column":null}},"15":{"start":{"line":60,"column":4},"end":{"line":60,"column":null}},"16":{"start":{"line":63,"column":23},"end":{"line":65,"column":null}},"17":{"start":{"line":64,"column":4},"end":{"line":64,"column":null}}},"fnMap":{"0":{"name":"ConnectionLines","decl":{"start":{"line":17,"column":24},"end":{"line":17,"column":40}},"loc":{"start":{"line":17,"column":71},"end":{"line":47,"column":null}}},"1":{"name":"(anonymous_5)","decl":{"start":{"line":19,"column":30},"end":{"line":19,"column":null}},"loc":{"start":{"line":19,"column":30},"end":{"line":34,"column":5}}},"2":{"name":"(anonymous_6)","decl":{"start":{"line":22,"column":18},"end":{"line":22,"column":null}},"loc":{"start":{"line":22,"column":18},"end":{"line":31,"column":null}}},"3":{"name":"(anonymous_7)","decl":{"start":{"line":24,"column":33},"end":{"line":24,"column":null}},"loc":{"start":{"line":24,"column":33},"end":{"line":29,"column":null}}},"4":{"name":"(anonymous_8)","decl":{"start":{"line":25,"column":36},"end":{"line":25,"column":41}},"loc":{"start":{"line":25,"column":41},"end":{"line":25,"column":null}}},"5":{"name":"(anonymous_9)","decl":{"start":{"line":38,"column":23},"end":{"line":38,"column":24}},"loc":{"start":{"line":39,"column":8},"end":{"line":40,"column":null}}},"6":{"name":"ConnectionLine","decl":{"start":{"line":52,"column":9},"end":{"line":52,"column":24}},"loc":{"start":{"line":58,"column":1},"end":{"line":90,"column":null}}},"7":{"name":"(anonymous_11)","decl":{"start":{"line":59,"column":25},"end":{"line":59,"column":null}},"loc":{"start":{"line":59,"column":25},"end":{"line":61,"column":5}}},"8":{"name":"(anonymous_12)","decl":{"start":{"line":63,"column":31},"end":{"line":63,"column":null}},"loc":{"start":{"line":63,"column":31},"end":{"line":65,"column":5}}}},"branchMap":{"0":{"loc":{"start":{"line":23,"column":6},"end":{"line":30,"column":null}},"type":"if","locations":[{"start":{"line":23,"column":6},"end":{"line":30,"column":null}},{"start":{},"end":{}}]},"1":{"loc":{"start":{"line":26,"column":10},"end":{"line":28,"column":null}},"type":"if","locations":[{"start":{"line":26,"column":10},"end":{"line":28,"column":null}},{"start":{},"end":{}}]}},"s":{"0":0,"1":0,"2":0,"3":0,"4":0,"5":0,"6":0,"7":0,"8":0,"9":0,"10":0,"11":0,"12":0,"13":0,"14":0,"15":0,"16":0,"17":0},"f":{"0":0,"1":0,"2":0,"3":0,"4":0,"5":0,"6":0,"7":0,"8":0},"b":{"0":[0,0],"1":[0,0]}}
,"C:\\Users\\asifi\\OneDrive\\Desktop\\AYA\\app\\src\\components\\graph\\nodes\\HadithNode.tsx": {"path":"C:\\Users\\asifi\\OneDrive\\Desktop\\AYA\\app\\src\\components\\graph\\nodes\\HadithNode.tsx","statementMap":{"0":{"start":{"line":23,"column":24},"end":{"line":23,"column":35}},"1":{"start":{"line":9,"column":23},"end":{"line":9,"column":null}},"2":{"start":{"line":10,"column":25},"end":{"line":10,"column":null}},"3":{"start":{"line":11,"column":21},"end":{"line":11,"column":null}},"4":{"start":{"line":12,"column":23},"end":{"line":12,"column":null}},"5":{"start":{"line":30,"column":18},"end":{"line":30,"column":null}},"6":{"start":{"line":33,"column":2},"end":{"line":43,"column":null}},"7":{"start":{"line":34,"column":4},"end":{"line":42,"column":null}},"8":{"start":{"line":35,"column":26},"end":{"line":35,"column":null}},"9":{"start":{"line":36,"column":6},"end":{"line":38,"column":null}},"10":{"start":{"line":41,"column":6},"end":{"line":41,"column":null}},"11":{"start":{"line":46,"column":20},"end":{"line":46,"column":null}},"12":{"start":{"line":47,"column":21},"end":{"line":47,"column":null}},"13":{"start":{"line":48,"column":22},"end":{"line":48,"column":null}},"14":{"start":{"line":50,"column":16},"end":{"line":50,"column":null}},"15":{"start":{"line":51,"column":19},"end":{"line":51,"column":null}},"16":{"start":{"line":59,"column":29},"end":{"line":59,"column":null}},"17":{"start":{"line":60,"column":28},"end":{"line":60,"column":null}}},"fnMap":{"0":{"name":"HadithNode","decl":{"start":{"line":23,"column":24},"end":{"line":23,"column":35}},"loc":{"start":{"line":29,"column":18},"end":{"line":94,"column":null}}},"1":{"name":"(anonymous_5)","decl":{"start":{"line":33,"column":11},"end":{"line":33,"column":null}},"loc":{"start":{"line":33,"column":11},"end":{"line":43,"column":null}}},"2":{"name":"(anonymous_6)","decl":{"start":{"line":59,"column":23},"end":{"line":59,"column":29}},"loc":{"start":{"line":59,"column":29},"end":{"line":59,"column":null}}},"3":{"name":"(anonymous_7)","decl":{"start":{"line":60,"column":22},"end":{"line":60,"column":28}},"loc":{"start":{"line":60,"column":28},"end":{"line":60,"column":null}}}},"branchMap":{"0":{"loc":{"start":{"line":34,"column":4},"end":{"line":42,"column":null}},"type":"if","locations":[{"start":{"line":34,"column":4},"end":{"line":42,"column":null}},{"start":{},"end":{}}]},"1":{"loc":{"start":{"line":35,"column":26},"end":{"line":35,"column":null}},"type":"cond-expr","locations":[{"start":{"line":35,"column":39},"end":{"line":35,"column":45}},{"start":{"line":35,"column":45},"end":{"line":35,"column":null}}]},"2":{"loc":{"start":{"line":35,"column":45},"end":{"line":35,"column":null}},"type":"cond-expr","locations":[{"start":{"line":35,"column":57},"end":{"line":35,"column":63}},{"start":{"line":35,"column":63},"end":{"line":35,"column":null}}]},"3":{"loc":{"start":{"line":50,"column":16},"end":{"line":50,"column":null}},"type":"cond-expr","locations":[{"start":{"line":50,"column":29},"end":{"line":50,"column":43}},{"start":{"line":50,"column":43},"end":{"line":50,"column":null}}]},"4":{"loc":{"start":{"line":50,"column":43},"end":{"line":50,"column":null}},"type":"cond-expr","locations":[{"start":{"line":50,"column":55},"end":{"line":50,"column":68}},{"start":{"line":50,"column":68},"end":{"line":50,"column":null}}]},"5":{"loc":{"start":{"line":66,"column":29},"end":{"line":66,"column":null}},"type":"cond-expr","locations":[{"start":{"line":66,"column":42},"end":{"line":66,"column":48}},{"start":{"line":66,"column":48},"end":{"line":66,"column":null}}]},"6":{"loc":{"start":{"line":66,"column":48},"end":{"line":66,"column":null}},"type":"cond-expr","locations":[{"start":{"line":66,"column":60},"end":{"line":66,"column":66}},{"start":{"line":66,"column":66},"end":{"line":66,"column":null}}]},"7":{"loc":{"start":{"line":86,"column":7},"end":{"line":86,"column":null}},"type":"binary-expr","locations":[{"start":{"line":86,"column":7},"end":{"line":86,"column":null}}]}},"s":{"0":0,"1":0,"2":0,"3":0,"4":0,"5":0,"6":0,"7":0,"8":0,"9":0,"10":0,"11":0,"12":0,"13":0,"14":0,"15":0,"16":0,"17":0},"f":{"0":0,"1":0,"2":0,"3":0},"b":{"0":[0,0],"1":[0,0],"2":[0,0],"3":[0,0],"4":[0,0],"5":[0,0],"6":[0,0],"7":[0]}}
,"C:\\Users\\asifi\\OneDrive\\Desktop\\AYA\\app\\src\\components\\graph\\nodes\\SurahNode.tsx": {"path":"C:\\Users\\asifi\\OneDrive\\Desktop\\AYA\\app\\src\\components\\graph\\nodes\\SurahNode.tsx","statementMap":{"0":{"start":{"line":108,"column":9},"end":{"line":108,"column":20}},"1":{"start":{"line":33,"column":24},"end":{"line":33,"column":34}},"2":{"start":{"line":9,"column":23},"end":{"line":9,"column":null}},"3":{"start":{"line":10,"column":25},"end":{"line":10,"column":null}},"4":{"start":{"line":11,"column":21},"end":{"line":11,"column":null}},"5":{"start":{"line":12,"column":23},"end":{"line":12,"column":null}},"6":{"start":{"line":16,"column":20},"end":{"line":23,"column":null}},"7":{"start":{"line":40,"column":18},"end":{"line":40,"column":null}},"8":{"start":{"line":43,"column":2},"end":{"line":51,"column":null}},"9":{"start":{"line":44,"column":4},"end":{"line":50,"column":null}},"10":{"start":{"line":45,"column":26},"end":{"line":45,"column":null}},"11":{"start":{"line":46,"column":6},"end":{"line":48,"column":null}},"12":{"start":{"line":54,"column":21},"end":{"line":54,"column":45}},"13":{"start":{"line":55,"column":20},"end":{"line":55,"column":36}},"14":{"start":{"line":56,"column":21},"end":{"line":56,"column":null}},"15":{"start":{"line":57,"column":22},"end":{"line":57,"column":null}},"16":{"start":{"line":59,"column":16},"end":{"line":59,"column":null}},"17":{"start":{"line":62,"column":19},"end":{"line":62,"column":null}},"18":{"start":{"line":70,"column":29},"end":{"line":70,"column":null}},"19":{"start":{"line":71,"column":28},"end":{"line":71,"column":null}}},"fnMap":{"0":{"name":"SurahNode","decl":{"start":{"line":33,"column":24},"end":{"line":33,"column":34}},"loc":{"start":{"line":39,"column":17},"end":{"line":105,"column":1}}},"1":{"name":"(anonymous_7)","decl":{"start":{"line":43,"column":11},"end":{"line":43,"column":null}},"loc":{"start":{"line":43,"column":11},"end":{"line":51,"column":null}}},"2":{"name":"(anonymous_8)","decl":{"start":{"line":70,"column":23},"
[...]
n":51}},"10":{"start":{"line":45,"column":6},"end":{"line":59,"column":null}},"11":{"start":{"line":46,"column":8},"end":{"line":57,"column":null}},"12":{"start":{"line":58,"column":8},"end":{"line":58,"column":null}},"13":{"start":{"line":63,"column":4},"end":{"line":63,"column":null}},"14":{"start":{"line":64,"column":4},"end":{"line":64,"column":null}},"15":{"start":{"line":66,"column":4},"end":{"line":66,"column":null}},"16":{"start":{"line":68,"column":4},"end":{"line":68,"column":null}},"17":{"start":{"line":69,"column":4},"end":{"line":69,"column":null}},"18":{"start":{"line":79,"column":21},"end":{"line":79,"column":null}},"19":{"start":{"line":80,"column":22},"end":{"line":80,"column":60}},"20":{"start":{"line":83,"column":18},"end":{"line":83,"column":null}},"21":{"start":{"line":84,"column":18},"end":{"line":84,"column":null}},"22":{"start":{"line":85,"column":18},"end":{"line":85,"column":50}},"23":{"start":{"line":88,"column":21},"end":{"line":88,"column":null}},"24":{"start":{"line":89,"column":24},"end":{"line":89,"column":60}},"25":{"start":{"line":91,"column":12},"end":{"line":91,"column":null}},"26":{"start":{"line":92,"column":12},"end":{"line":92,"column":53}},"27":{"start":{"line":93,"column":12},"end":{"line":93,"column":null}},"28":{"start":{"line":95,"column":2},"end":{"line":95,"column":null}},"29":{"start":{"line":102,"column":2},"end":{"line":110,"column":null}},"30":{"start":{"line":104,"column":22},"end":{"line":105,"column":null}},"31":{"start":{"line":105,"column":11},"end":{"line":105,"column":null}},"32":{"start":{"line":107,"column":4},"end":{"line":109,"column":null}},"33":{"start":{"line":108,"column":6},"end":{"line":108,"column":null}},"34":{"start":{"line":121,"column":22},"end":{"line":121,"column":null}},"35":{"start":{"line":121,"column":41},"end":{"line":121,"column":null}},"36":{"start":{"line":122,"column":2},"end":{"line":126,"column":null}},"37":{"start":{"line":123,"column":4},"end":{"line":125,"column":null}},"38":{"start":{"line":124,"column":6},"end":{"line":124,"column":null}},"39":{"start":{"line":130,"column":19},"end":{"line":130,"column":null}},"40":{"start":{"line":130,"column":36},"end":{"line":130,"column":null}},"41":{"start":{"line":131,"column":19},"end":{"line":131,"column":null}},"42":{"start":{"line":131,"column":36},"end":{"line":131,"column":null}},"43":{"start":{"line":132,"column":2},"end":{"line":134,"column":null}},"44":{"start":{"line":133,"column":4},"end":{"line":133,"column":null}},"45":{"start":{"line":138,"column":19},"end":{"line":138,"column":null}},"46":{"start":{"line":138,"column":36},"end":{"line":138,"column":null}},"47":{"start":{"line":139,"column":20},"end":{"line":139,"column":null}},"48":{"start":{"line":139,"column":37},"end":{"line":139,"column":null}},"49":{"start":{"line":140,"column":2},"end":{"line":142,"column":null}},"50":{"start":{"line":141,"column":4},"end":{"line":141,"column":null}}},"fnMap":{"0":{"name":"loadGraphData","decl":{"start":{"line":30,"column":22},"end":{"line":30,"column":null}},"loc":{"start":{"line":30,"column":22},"end":{"line":71,"column":null}}},"1":{"name":"(anonymous_2)","decl":{"start":{"line":42,"column":24},"end":{"line":42,"column":null}},"loc":{"start":{"line":42,"column":24},"end":{"line":60,"column":null}}},"2":{"name":"(anonymous_3)","decl":{"start":{"line":45,"column":31},"end":{"line":45,"column":32}},"loc":{"start":{"line":45,"column":39},"end":{"line":59,"column":null}}},"3":{"name":"generatePosition","decl":{"start":{"line":77,"column":9},"end":{"line":77,"column":26}},"loc":{"start":{"line":77,"column":102},"end":{"line":96,"column":null}}},"4":{"name":"createSequentialConnections","decl":{"start":{"line":101,"column":9},"end":{"line":101,"column":37}},"loc":{"start":{"line":101,"column":61},"end":{"line":111,"column":null}}},"5":{"name":"(anonymous_6)","decl":{"start":{"line":102,"column":17},"end":{"line":102,"column":18}},"loc":{"start":{"line":102,"column":25},"end":{"line":110,"column":null}}},"6":{"name":"(anonymous_7)","decl":{"start":{"line":105,"column":6},"end":{"line":105,"column":11}},"loc":{"start":{"line":105,"column":11},"end":{"line":105,"column":null}}},"7":{"name":"createCrossReferences","decl":{"start":{"line":117,"column":9},"end":{"line":117,"column":31}},"loc":{"start":{"line":117,"column":55},"end":{"line":143,"column":null}}},"8":{"name":"(anonymous_9)","decl":{"start":{"line":121,"column":36},"end":{"line":121,"column":41}},"loc":{"start":{"line":121,"column":41},"end":{"line":121,"column":null}}},"9":{"name":"(anonymous_10)","decl":{"start":{"line":122,"column":22},"end":{"line":122,"column":23}},"loc":{"start":{"line":122,"column":30},"end":{"line":126,"column":null}}},"10":{"name":"(anonymous_11)","decl":{"start":{"line":130,"column":31},"end":{"line":130,"column":36}},"loc":{"start":{"line":130,"column":36},"end":{"line":130,"column":null}}},"11":{"name":"(anonymous_12)","decl":{"start":{"line":131,"column":31},"end":{"line":131,"column":36}},"loc":{"start":{"line":131,"column":36},"end":{"line":131,"column":null}}},"12":{"name":"(anonymous_13)","decl":{"start":{"line":138,"column":31},"end":{"line":138,"column":36}},"loc":{"start":{"line":138,"column":36},"end":{"line":138,"column":null}}},"13":{"name":"(anonymous_14)","decl":{"start":{"line":139,"column":32},"end":{"line":139,"column":37}},"loc":{"start":{"line":139,"column":37},"end":{"line":139,"column":null}}}},"branchMap":{"0":{"loc":{"start":{"line":33,"column":4},"end":{"line":35,"column":null}},"type":"if","locations":[{"start":{"line":33,"column":4},"end":{"line":35,"column":null}},{"start":{},"end":{}}]},"1":{"loc":{"start":{"line":105,"column":11},"end":{"line":105,"column":null}},"type":"binary-expr","locations":[{"start":{"line":105,"column":11},"end":{"line":105,"column":34}},{"start":{"line":105,"column":38},"end":{"line":105,"column":null}}]},"2":{"loc":{"start":{"line":107,"column":4},"end":{"line":109,"column":null}},"type":"if","locations":[{"start":{"line":107,"column":4},"end":{"line":109,"column":null}},{"start":{},"end":{}}]},"3":{"loc":{"start":{"line":123,"column":4},"end":{"line":125,"column":null}},"type":"if","locations":[{"start":{"line":123,"column":4},"end":{"line":125,"column":null}},{"start":{},"end":{}}]},"4":{"loc":{"start":{"line":132,"column":2},"end":{"line":134,"column":null}},"type":"if","locations":[{"start":{"line":132,"column":2},"end":{"line":134,"column":null}},{"start":{},"end":{}}]},"5":{"loc":{"start":{"line":132,"column":6},"end":{"line":132,"column":69}},"type":"binary-expr","locations":[{"start":{"line":132,"column":6},"end":{"line":132,"column":18}},{"start":{"line":132,"column":18},"end":{"line":132,"column":30}},{"start":{"line":132,"column":30},"end":{"line":132,"column":69}}]},"6":{"loc":{"start":{"line":140,"column":2},"end":{"line":142,"column":null}},"type":"if","locations":[{"start":{"line":140,"column":2},"end":{"line":142,"column":null}},{"start":{},"end":{}}]},"7":{"loc":{"start":{"line":140,"column":6},"end":{"line":140,"column":29}},"type":"binary-expr","locations":[{"start":{"line":140,"column":6},"end":{"line":140,"column":18}},{"start":{"line":140,"column":18},"end":{"line":140,"column":29}}]}},"s":{"0":0,"1":0,"2":0,"3":0,"4":0,"5":0,"6":0,"7":0,"8":0,"9":0,"10":0,"11":0,"12":0,"13":0,"14":0,"15":0,"16":0,"17":0,"18":0,"19":0,"20":0,"21":0,"22":0,"23":0,"24":0,"25":0,"26":0,"27":0,"28":0,"29":0,"30":0,"31":0,"32":0,"33":0,"34":0,"35":0,"36":0,"37":0,"38":0,"39":0,"40":0,"41":0,"42":0,"43":0,"44":0,"45":0,"46":0,"47":0,"48":0,"49":0,"50":0},"f":{"0":0,"1":0,"2":0,"3":0,"4":0,"5":0,"6":0,"7":0,"8":0,"9":0,"10":0,"11":0,"12":0,"13":0},"b":{"0":[0,0],"1":[0,0],"2":[0,0],"3":[0,0],"4":[0,0],"5":[0,0,0],"6":[0,0],"7":[0,0]}}
,"C:\\Users\\asifi\\OneDrive\\Desktop\\AYA\\app\\src\\lib\\quran-data.ts": {"path":"C:\\Users\\asifi\\OneDrive\\Desktop\\AYA\\app\\src\\lib\\quran-data.ts","statementMap":{"0":{"start":{"line":75,"column":16},"end":{"line":75,"column":33}},"1":{"start":{"line":21,"column":22},"end":{"line":21,"column":31}},"2":{"start":{"line":54,"column":22},"end":{"line":54,"column":32}},"3":{"start":{"line":38,"column":22},"end":{"line":38,"column":40}},"4":{"start":{"line":64,"column":22},"end":{"line":64,"column":31}},"5":{"start":{"line":82,"column":16},"end":{"line":82,"column":35}},"6":{"start":{"line":2,"column":15},"end":{"line":2,"column":null}},"7":{"start":{"line":3,"column":17},"end":{"line":3,"column":null}},"8":{"start":{"line":22,"column":2},"end":{"line":32,"column":null}},"9":{"start":{"line":23,"column":20},"end":{"line":23,"column":null}},"10":{"start":{"line":24,"column":21},"end":{"line":24,"column":73}},"11":{"start":{"line":25,"column":21},"end":{"line":25,"column":null}},"12":{"start":{"line":27,"column":24},"end":{"line":27,"column":null}},"13":{"start":{"line":28,"column":4},"end":{"line":28,"column":null}},"14":{"start":{"line":30,"column":4},"end":{"line":30,"column":null}},"15":{"start":{"line":31,"column":4},"end":{"line":31,"column":null}},"16":{"start":{"line":39,"column":2},"end":{"line":48,"column":null}},"17":{"start":{"line":40,"column":20},"end":{"line":40,"column":null}},"18":{"start":{"line":41,"column":21},"end":{"line":41,"column":null}},"19":{"start":{"line":43,"column":24},"end":{"line":43,"column":null}},"20":{"start":{"line":44,"column":4},"end":{"line":44,"column":null}},"21":{"start":{"line":46,"column":4},"end":{"line":46,"column":null}},"22":{"start":{"line":47,"column":4},"end":{"line":47,"column":null}},"23":{"start":{"line":55,"column":17},"end":{"line":56,"column":null}},"24":{"start":{"line":56,"column":28},"end":{"line":56,"column":null}},"25":{"start":{"line":58,"column":2},"end":{"line":58,"column":null}},"26":{"start":{"line":58,"column":47},"end":{"line":58,"column":null}},"27":{"start":{"line":65,"column":16},"end":{"line":65,"column":null}},"28":{"start":{"line":66,"column":2},"end":{"line":66,"column":null}},"29":{"start":{"line":66,"column":14},"end":{"line":66,"column":null}},"30":{"start":{"line":68,"column":16},"end":{"line":68,"column":null}},"31":{"start":{"line":68,"column":39},"end":{"line":68,"column":null}},"32":{"start":{"line":69,"column":2},"end":{"line":69,"column":null}},"33":{"start":{"line":76,"column":2},"end":{"line":76,"column":null}},"34":{"start":{"line":83,"column":16},"end":{"line":83,"column":null}},"35":{"start":{"line":84,"column":2},"end":{"line":84,"column":null}},"36":{"start":{"line":84,"column":14},"end":{"line":84,"column":null}},"37":{"start":{"line":86,"column":2},"end":{"line":89,"column":null}}},"fnMap":{"0":{"name":"loadSurah","decl":{"start":{"line":21,"column":22},"end":{"line":21,"column":31}},"loc":{"start":{"line":21,"column":51},"end":{"line":33,"column":null}}},"1":{"name":"loadSurahsMetadata","decl":{"start":{"line":38,"column":22},"end":{"line":38,"column":40}},"loc":{"start":{"line":38,"column":22},"end":{"line":49,"column":null}}},"2":{"name":"loadSurahs","decl":{"start":{"line":54,"column":22},"end":{"line":54,"column":32}},"loc":{"start":{"line":54,"column":55},"end":{"line":59,"column":null}}},"3":{"name":"(anonymous_11)","decl":{"start":{"line":56,"column":21},"end":{"line":56,"column":28}},"loc":{"start":{"line":56,"column":28},"end":{"line":56,"column":null}}},"4":{"name":"(anonymous_12)","decl":{"start":{"line":58,"column":23},"end":{"line":58,"column":24}},"loc":{"start":{"line":58,"column":47},"end":{"line":58,"column":null}}},"5":{"name":"loadVerse","decl":{"start":{"line":64,"column":22},"end":{"line":64,"column":31}},"loc":{"start":{"line":64,"column":72},"end":{"line":70,"column":null}}},"6":{"name":"(anonymous_14)","decl":{"start":{"line":68,"column":34},"end":{"line":68,"column":39}},"loc":{"start":{"line":68,"column":39},"end":{"line":68,"column":null}}},"7":{"name":"getVerseReference","decl":{"start":{"line":75,"column":16},"end":{"line":75,"column":33}},"loc":{"start":{"line":75,"column":74},"end":{"line":77,"column":null}}},"8":{"name":"parseVerseReference","decl":{"start":{"line":82,"column":16},"end":{"line":82,"column":35}},"loc":{"start":{"line":82,"column":53},"end":{"line":90,"column":null}}}},"branchMap":{"0":{"loc":{"start":{"line":66,"column":2},"end":{"line":66,"column":null}},"type":"if","locations":[{"start":{"line":66,"column":2},"end":{"line":66,"column":null}},{"start":{},"end":{}}]},"1":{"loc":{"start":{"line":69,"column":9},"end":{"line":69,"column":null}},"type":"binary-expr","locations":[{"start":{"line":69,"column":9},"end":{"line":69,"column":18}},{"start":{"line":69,"column":18},"end":{"line":69,"column":null}}]},"2":{"loc":{"start":{"line":84,"column":2},"end":{"line":84,"column":null}},"type":"if","locations":[{"start":{"line":84,"column":2},"end":{"line":84,"column":null}},{"start":{},"end":{}}]}},"s":{"0":0,"1":0,"2":0,"3":0,"4":0,"5":0,"6":0,"7":0,"8":0,"9":0,"10":0,"11":0,"12":0,"13":0,"14":0,"15":0,"16":0,"17":0,"18":0,"19":0,"20":0,"21":0,"22":0,"23":0,"24":0,"25":0,"26":0,"27":0,"28":0,"29":0,"30":0,"31":0,"32":0,"33":0,"34":0,"35":0,"36":0,"37":0},"f":{"0":0,"1":0,"2":0,"3":0,"4":0,"5":0,"6":0,"7":0,"8":0},"b":{"0":[0,0],"1":[0,0],"2":[0,0]}}
,"C:\\Users\\asifi\\OneDrive\\Desktop\\AYA\\app\\src\\lib\\supabase\\client.ts": {"path":"C:\\Users\\asifi\\OneDrive\\Desktop\\AYA\\app\\src\\lib\\supabase\\client.ts","statementMap":{"0":{"start":{"line":32,"column":16},"end":{"line":32,"column":42}},"1":{"start":{"line":21,"column":13},"end":{"line":21,"column":21}},"2":{"start":{"line":6,"column":29},"end":{"line":6,"column":null}},"3":{"start":{"line":8,"column":20},"end":{"line":8,"column":56}},"4":{"start":{"line":9,"column":24},"end":{"line":9,"column":65}},"5":{"start":{"line":11,"column":0},"end":{"line":15,"column":null}},"6":{"start":{"line":12,"column":2},"end":{"line":13,"column":null}},"7":{"start":{"line":21,"column":24},"end":{"line":26,"column":null}},"8":{"start":{"line":33,"column":2},"end":{"line":38,"column":null}}},"fnMap":{"0":{"name":"createServerSupabaseClient","decl":{"start":{"line":32,"column":16},"end":{"line":32,"column":42}},"loc":{"start":{"line":32,"column":16},"end":{"line":39,"column":null}}}},"branchMap":{"0":{"loc":{"start":{"line":11,"column":0},"end":{"line":15,"column":null}},"type":"if","locations":[{"start":{"line":11,"column":0},"end":{"line":15,"column":null}},{"start":{},"end":{}}]},"1":{"loc":{"start":{"line":11,"column":4},"end":{"line":11,"column":38}},"type":"binary-expr","locations":[{"start":{"line":11,"column":4},"end":{"line":11,"column":20}},{"start":{"line":11,"column":20},"end":{"line":11,"column":38}}]}},"s":{"0":0,"1":0,"2":0,"3":0,"4":0,"5":0,"6":0,"7":0,"8":0},"f":{"0":0},"b":{"0":[0,0],"1":[0,0]}}
,"C:\\Users\\asifi\\OneDrive\\Desktop\\AYA\\app\\src\\test-utils\\index.tsx": {"path":"C:\\Users\\asifi\\OneDrive\\Desktop\\AYA\\app\\src\\test-utils\\index.tsx","statementMap":{"0":{"start":{"line":21,"column":9},"end":{"line":21,"column":32}},"1":{"start":{"line":12,"column":16},"end":{"line":12,"column":35}},"2":{"start":{"line":7,"column":38},"end":{"line":7,"column":null}},"3":{"start":{"line":16,"column":2},"end":{"line":16,"column":null}}},"fnMap":{"0":{"name":"renderWithProviders","decl":{"start":{"line":12,"column":16},"end":{"line":12,"column":35}},"loc":{"start":{"line":14,"column":42},"end":{"line":17,"column":null}}}},"branchMap":{},"s":{"0":21,"1":0,"2":4,"3":21},"f":{"0":21},"b":{}}
,"C:\\Users\\asifi\\OneDrive\\Desktop\\AYA\\app\\src\\test-utils\\mocks.ts": {"path":"C:\\Users\\asifi\\OneDrive\\Desktop\\AYA\\app\\src\\test-utils\\mocks.ts","statementMap":{"0":{"start":{"line":118,"column":13},"end":{"line":118,"column":33}},"1":{"start":{"line":98,"column":13},"end":{"line":98,"column":34}},"2":{"start":{"line":25,"column":13},"end":{"line":25,"column":27}},"3":{"start":{"line":47,"column":13},"end":{"line":47,"column":22}},"4":{"start":{"line":75,"column":13},"end":{"line":75,"column":33}},"5":{"start":{"line":11,"column":13},"end":{"line":11,"column":26}},"6":{"start":{"line":160,"column":16},"end":{"line":160,"column":30}},"7":{"start":{"line":131,"column":16},"end":{"line":131,"column":30}},"8":{"start":{"line":11,"column":40},"end":{"line":20,"column":null}},"9":{"start":{"line":25,"column":42},"end":{"line":42,"column":null}},"10":{"start":{"line":47,"column":38},"end":{"line":70,"column":null}},"11":{"start":{"line":75,"column":36},"end":{"line":93,"column":null}},"12":{"start":{"line":83,"column":24},"end":{"line":83,"column":null}},"13":{"start":{"line":90,"column":24},"end":{"line":90,"column":null}},"14":{"start":{"line":98,"column":37},"end":{"line":113,"column":null}},"15":{"start":{"line":118,"column":36},"end":{"line":126,"column":null}},"16":{"start":{"line":132,"column":20},"end":{"line":132,"column":32}},"17":{"start":{"line":134,"column":2},"end":{"line":154,"column":null}},"18":{"start":{"line":135,"column":4},"end":{"line":140,"column":null}},"19":{"start":{"line":136,"column":6},"end":{"line":139,"column":null}},"20":{"start":{"line":138,"column":26},"end":{"line":138,"column":null}},"21":{"start":{"line":141,"column":4},"end":{"line":146,"column":null}},"22":{"start":{"line":142,"column":6},"end":{"line":145,"column":null}},"23":{"start":{"line":144,"column":26},"end":{"line":144,"column":null}},"24":{"start":{"line":147,"column":4},"end":{"line":152,"column":null}},"25":{"start":{"line":148,"column":6},"end":{"line":151,"column":null}},"26":{"start":{"line":150,"column":26},"end":{"line":150,"column":null}},"27":{"start":{"line":153,"column":4},"end":{"line":153,"column":null}},"28":{"start":{"line":161,"column":20},"end":{"line":161,"column":32}},"29":{"start":{"line":162,"column":2},"end":{"line":162,"column":null}}},"fnMap":{"0":{"name":"(anonymous_9)","decl":{"start":{"line":83,"column":13},"end":{"line":83,"column":14}},"loc":{"start":{"line":83,"column":24},"end":{"line":83,"column":null}}},"1":{"name":"(anonymous_10)","decl":{"start":{"line":90,"column":13},"end":{"line":90,"column":14}},"loc":{"start":{"line":90,"column":24},"end":{"line":90,"column":null}}},"2":{"name":"setupFetchMock","decl":{"start":{"line":131,"column":16},"end":{"line":131,"column":30}},"loc":{"start":{"line":131,"column":16},"end":{"line":155,"column":null}}},"3":{"name":"(anonymous_12)","decl":{"start":{"line":134,"column":31},"end":{"line":134,"column":32}},"loc":{"start":{"line":134,"column":32},"end":{"line":154,"column":null}}},"4":{"name":"(anonymous_13)","decl":{"start":{"line":138,"column":14},"end":{"line":138,"column":26}},"loc":{"start":{"line":138,"column":26},"end":{"line":138,"column":null}}},"5":{"name":"(anonymous_14)","decl":{"start":{"line":144,"column":14},"end":{"line":144,"column":26}},"loc":{"start":{"line":144,"column":26},"end":{"line":144,"column":null}}},"6":{"name":"(anonymous_15)","decl":{"start":{"line":150,"column":14},"end":{"line":150,"column":26}},"loc":{"start":{"line":150,"column":26},"end":{"line":150,"column":null}}},"7":{"name":"resetFetchMock","decl":{"start":{"line":160,"column":16},"end":{"line":160,"column":30}},"loc":{"start":{"line":160,"column":16},"end":{"line":163,"column":null}}}},"branchMap":{"0":{"loc":{"start":{"line":135,"column":4},"end":{"line":140,"column":null}},"type":"if","locations":[{"start":{"line":135,"column":4},"end":{"line":140,"column":null}},{"start":{},"end":{}}]},"1":{"loc":{"start":{"line":141,"column":4},"end":{"line":146,"column":null}},"type":"if","locations":[{"start":{"line":141,"column":4},"end":{"line":146,"column":null}},{"start":{},"end":{}}]},"2":{"loc":{"start":{"line":147,"column":4},"end":{"line":152,"column":null}},"type":"if","locations":[{"start":{"line":147,"column":4},"end":{"line":152,"column":null}},{"start":{},"end":{}}]}},"s":{"0":0,"1":0,"2":6,"3":32,"4":0,"5":18,"6":0,"7":0,"8":3,"9":3,"10":3,"11":3,"12":21,"13":858,"14":3,"15":3,"16":0,"17":0,"18":0,"19":0,"20":0,"21":0,"22":0,"23":0,"24":0,"25":0,"26":0,"27":0,"28":0,"29":0},"f":{"0":21,"1":858,"2":0,"3":0,"4":0,"5":0,"6":0,"7":0},"b":{"0":[0,0],"1":[0,0],"2":[0,0]}}
}
