TN:
SF:src\app\layout.tsx
FN:16,RootLayout
FNF:1
FNH:0
FNDA:0,RootLayout
DA:1,0
DA:3,0
DA:4,0
DA:6,0
DA:11,0
DA:16,0
LF:6
LH:0
BRF:0
BRH:0
end_of_record
TN:
SF:src\app\page.tsx
FN:3,Home
FNF:1
FNH:0
FNDA:0,Home
DA:3,0
LF:1
LH:0
BRF:0
BRH:0
end_of_record
TN:
SF:src\app\api\db\edges\route.ts
FN:11,GET
FN:91,(anonymous_4)
FNF:2
FNH:0
FNDA:0,GET
FNDA:0,(anonymous_4)
DA:6,0
DA:7,0
DA:9,0
DA:11,0
DA:12,0
DA:13,0
DA:14,0
DA:17,0
DA:18,0
DA:19,0
DA:20,0
DA:23,0
DA:57,0
DA:58,0
DA:59,0
DA:60,0
DA:65,0
DA:66,0
DA:70,0
DA:71,0
DA:75,0
DA:76,0
DA:80,0
DA:82,0
DA:83,0
DA:84,0
DA:91,0
DA:117,0
DA:132,0
DA:133,0
LF:30
LH:0
BRDA:57,0,0,0
BRDA:57,0,1,0
BRDA:59,1,0,0
BRDA:59,1,1,0
BRDA:65,2,0,0
BRDA:65,2,1,0
BRDA:70,3,0,0
BRDA:70,3,1,0
BRDA:75,4,0,0
BRDA:75,4,1,0
BRDA:82,5,0,0
BRDA:82,5,1,0
BRDA:110,6,0,0
BRDA:110,6,1,0
BRDA:114,7,0,0
BRDA:114,7,1,0
BRF:16
BRH:0
end_of_record
TN:
SF:src\app\api\db\hadith\route.ts
FN:11,GET
FN:23,(anonymous_4)
FN:23,(anonymous_5)
FN:81,(anonymous_6)
FNF:4
FNH:0
FNDA:0,GET
FNDA:0,(anonymous_4)
FNDA:0,(anonymous_5)
FNDA:0,(anonymous_6)
DA:6,0
DA:7,0
DA:9,0
DA:11,0
DA:12,0
DA:13,0
DA:14,0
DA:17,0
DA:18,0
DA:19,0
DA:20,0
DA:23,0
DA:26,0
DA:47,0
DA:48,0
DA:49,0
DA:54,0
DA:58,0
DA:59,0
DA:60,0
DA:61,0
DA:66,0
DA:67,0
DA:70,0
DA:72,0
DA:73,0
DA:74,0
DA:81,0
DA:95,0
DA:104,0
DA:105,0
LF:31
LH:0
BRDA:18,0,0,0
BRDA:18,0,1,0
BRDA:47,1,0,0
BRDA:47,1,1,0
BRDA:47,2,0,0
BRDA:47,2,1,0
BRDA:48,3,0,0
BRDA:48,3,1,0
BRDA:58,4,0,0
BRDA:58,4,1,0
BRDA:60,5,0,0
BRDA:60,5,1,0
BRDA:66,6,0,0
BRDA:66,6,1,0
BRDA:72,7,0,0
BRDA:72,7,1,0
BRDA:88,8,0,0
BRDA:88,8,1,0
BRDA:92,9,0,0
BRDA:92,9,1,0
BRF:20
BRH:0
end_of_record
TN:
SF:src\app\api\db\quran\route.ts
FN:11,GET
FN:71,(anonymous_4)
FN:101,(anonymous_5)
FNF:3
FNH:0
FNDA:0,GET
FNDA:0,(anonymous_4)
FNDA:0,(anonymous_5)
DA:6,0
DA:7,0
DA:9,0
DA:11,0
DA:12,0
DA:13,0
DA:14,0
DA:15,0
DA:18,0
DA:19,0
DA:21,0
DA:22,0
DA:29,0
DA:47,0
DA:48,0
DA:49,0
DA:55,0
DA:56,0
DA:63,0
DA:71,0
DA:86,0
DA:91,0
DA:92,0
DA:93,0
DA:100,0
DA:101,0
DA:113,0
DA:114,0
LF:28
LH:0
BRDA:18,0,0,0
BRDA:18,0,1,0
BRDA:21,1,0,0
BRDA:21,1,1,0
BRDA:21,2,0,0
BRDA:21,2,1,0
BRDA:21,2,2,0
BRDA:47,3,0,0
BRDA:47,3,1,0
BRDA:55,4,0,0
BRDA:55,4,1,0
BRDA:77,5,0,0
BRDA:77,5,1,0
BRDA:78,6,0,0
BRDA:78,6,1,0
BRDA:91,7,0,0
BRDA:91,7,1,0
BRF:17
BRH:0
end_of_record
TN:
SF:src\app\api\edges\route.ts
FN:34,GET
FNF:1
FNH:0
FNDA:0,GET
DA:1,0
DA:2,0
DA:3,0
DA:34,0
DA:35,0
DA:36,0
DA:37,0
DA:38,0
DA:39,0
DA:41,0
DA:48,0
DA:49,0
LF:12
LH:0
BRDA:43,0,0,0
BRDA:43,0,1,0
BRDA:45,1,0,0
BRDA:45,1,1,0
BRF:4
BRH:0
end_of_record
TN:
SF:src\app\api\hadith\route.ts
FN:17,GET
FNF:1
FNH:0
FNDA:0,GET
DA:1,0
DA:2,0
DA:3,0
DA:17,0
DA:18,0
DA:20,0
DA:21,0
DA:22,0
DA:23,0
DA:24,0
DA:27,0
DA:34,0
DA:35,0
LF:13
LH:0
BRDA:24,0,0,0
BRDA:24,0,1,0
BRF:2
BRH:0
end_of_record
TN:
SF:src\app\api\quran\route.ts
FN:4,GET
FN:20,(anonymous_2)
FN:29,(anonymous_3)
FN:39,(anonymous_4)
FN:39,(anonymous_5)
FN:50,getRevelationType
FNF:6
FNH:0
FNDA:0,GET
FNDA:0,(anonymous_2)
FNDA:0,(anonymous_3)
FNDA:0,(anonymous_4)
FNDA:0,(anonymous_5)
FNDA:0,getRevelationType
DA:1,0
DA:2,0
DA:4,0
DA:5,0
DA:6,0
DA:7,0
DA:9,0
DA:11,0
DA:12,0
DA:13,0
DA:15,0
DA:20,0
DA:21,0
DA:23,0
DA:24,0
DA:27,0
DA:30,0
DA:31,0
DA:33,0
DA:39,0
DA:42,0
DA:44,0
DA:45,0
DA:52,0
DA:53,0
LF:25
LH:0
BRDA:9,0,0,0
BRDA:9,0,1,0
BRDA:12,1,0,0
BRDA:12,1,1,0
BRDA:23,2,0,0
BRDA:23,2,1,0
BRDA:31,3,0,0
BRDA:31,3,1,0
BRDA:53,4,0,0
BRDA:53,4,1,0
BRF:10
BRH:0
end_of_record
TN:
SF:src\app\graph\page.tsx
FN:3,GraphPage
FNF:1
FNH:0
FNDA:0,GraphPage
DA:1,0
DA:3,0
LF:2
LH:0
BRF:0
BRH:0
end_of_record
TN:
SF:src\components\graph\QuranGraph.original.tsx
FN:80,SurahNodeComponent
FN:95,(anonymous_5)
FN:115,(anonymous_6)
FN:116,(anonymous_7)
FN:150,HadithNodeComponent
FN:165,(anonymous_9)
FN:185,(anonymous_10)
FN:186,(anonymous_11)
FN:220,ConnectionLine
FN:236,Scene
FN:248,(anonymous_14)
FN:254,(anonymous_15)
FN:261,(anonymous_16)
FN:263,(anonymous_17)
FN:264,(anonymous_18)
FN:280,(anonymous_19)
FN:288,(anonymous_20)
FN:295,(anonymous_21)
FN:296,(anonymous_22)
FN:304,(anonymous_23)
FN:305,(anonymous_24)
FN:320,QuranGraph
FN:329,(anonymous_26)
FN:330,loadData
FN:336,(anonymous_28)
FN:367,(anonymous_29)
FN:368,(anonymous_30)
FN:370,(anonymous_31)
FN:388,(anonymous_32)
FN:392,(anonymous_33)
FN:414,(anonymous_34)
FN:418,(anonymous_35)
FN:427,(anonymous_36)
FN:444,(anonymous_37)
FN:445,(anonymous_38)
FN:449,(anonymous_39)
FN:450,(anonymous_40)
FN:450,(anonymous_41)
FN:468,(anonymous_42)
FN:479,(anonymous_43)
FN:488,(anonymous_44)
FN:493,(anonymous_45)
FN:565,(anonymous_46)
FN:602,(anonymous_47)
FNF:44
FNH:0
FNDA:0,SurahNodeComponent
FNDA:0,(anonymous_5)
FNDA:0,(anonymous_6)
FNDA:0,(anonymous_7)
FNDA:0,HadithNodeComponent
FNDA:0,(anonymous_9)
FNDA:0,(anonymous_10)
FNDA:0,(anonymous_11)
FNDA:0,ConnectionLine
FNDA:0,Scene
FNDA:0,(anonymous_14)
FNDA:0,(anonymous_15)
FNDA:0,(anonymous_16)
FNDA:0,(anonymous_17)
FNDA:0,(anonymous_18)
FNDA:0,(anonymous_19)
FNDA:0,(anonymous_20)
FNDA:0,(anonymous_21)
FNDA:0,(anonymous_22)
FNDA:0,(anonymous_23)
FNDA:0,(anonymous_24)
FNDA:0,QuranGraph
FNDA:0,(anonymous_26)
FNDA:0,loadData
FNDA:0,(anonymous_28)
FNDA:0,(anonymous_29)
FNDA:0,(anonymous_30)
FNDA:0,(anonymous_31)
FNDA:0,(anonymous_32)
FNDA:0,(anonymous_33)
FNDA:0,(anonymous_34)
FNDA:0,(anonymous_35)
FNDA:0,(anonymous_36)
FNDA:0,(anonymous_37)
FNDA:0,(anonymous_38)
FNDA:0,(anonymous_39)
FNDA:0,(anonymous_40)
FNDA:0,(anonymous_41)
FNDA:0,(anonymous_42)
FNDA:0,(anonymous_43)
FNDA:0,(anonymous_44)
FNDA:0,(anonymous_45)
FNDA:0,(anonymous_46)
FNDA:0,(anonymous_47)
DA:3,0
DA:4,0
DA:5,0
DA:6,0
DA:12,0
DA:58,0
DA:93,0
DA:95,0
DA:96,0
DA:97,0
DA:98,0
DA:102,0
DA:103,0
DA:104,0
DA:105,0
DA:107,0
DA:108,0
DA:115,0
DA:116,0
DA:163,0
DA:165,0
DA:166,0
DA:167,0
DA:168,0
DA:169,0
DA:173,0
DA:174,0
DA:175,0
DA:177,0
DA:178,0
DA:185,0
DA:186,0
DA:221,0
DA:222,0
DA:245,0
DA:246,0
DA:248,0
DA:249,0
DA:250,0
DA:251,0
DA:254,0
DA:255,0
DA:256,0
DA:260,0
DA:261,0
DA:262,0
DA:263,0
DA:264,0
DA:265,0
DA:266,0
DA:281,0
DA:289,0
DA:295,0
DA:296,0
DA:304,0
DA:305,0
DA:320,0
DA:321,0
DA:322,0
DA:323,0
DA:324,0
DA:325,0
DA:326,0
DA:327,0
DA:329,0
DA:331,0
DA:332,0
DA:333,0
DA:334,0
DA:336,0
DA:337,0
DA:338,0
DA:339,0
DA:341,0
DA:357,0
DA:358,0
DA:360,0
DA:362,0
DA:363,0
DA:364,0
DA:366,0
DA:367,0
DA:368,0
DA:370,0
DA:371,0
DA:372,0
DA:374,0
DA:388,0
DA:389,0
DA:390,0
DA:392,0
DA:394,0
DA:395,0
DA:399,0
DA:403,0
DA:404,0
DA:406,0
DA:408,0
DA:411,0
DA:414,0
DA:415,0
DA:417,0
DA:418,0
DA:419,0
DA:420,0
DA:421,0
DA:425,0
DA:426,0
DA:427,0
DA:428,0
DA:429,0
DA:433,0
DA:434,0
DA:437,0
DA:441,0
DA:444,0
DA:445,0
DA:446,0
DA:449,0
DA:450,0
DA:451,0
DA:468,0
DA:479,0
DA:489,0
DA:490,0
DA:493,0
DA:565,0
DA:603,0
LF:128
LH:0
BRDA:96,0,0,0
BRDA:96,0,1,0
BRDA:97,1,0,0
BRDA:97,1,1,0
BRDA:97,2,0,0
BRDA:97,2,1,0
BRDA:107,3,0,0
BRDA:107,3,1,0
BRDA:107,4,0,0
BRDA:107,4,1,0
BRDA:122,5,0,0
BRDA:122,5,1,0
BRDA:122,6,0,0
BRDA:122,6,1,0
BRDA:140,7,0,0
BRDA:166,8,0,0
BRDA:166,8,1,0
BRDA:167,9,0,0
BRDA:167,9,1,0
BRDA:167,10,0,0
BRDA:167,10,1,0
BRDA:177,11,0,0
BRDA:177,11,1,0
BRDA:177,12,0,0
BRDA:177,12,1,0
BRDA:192,13,0,0
BRDA:192,13,1,0
BRDA:192,14,0,0
BRDA:192,14,1,0
BRDA:210,15,0,0
BRDA:249,16,0,0
BRDA:249,16,1,0
BRDA:251,17,0,0
BRDA:251,17,1,0
BRDA:255,18,0,0
BRDA:255,18,1,0
BRDA:255,19,0,0
BRDA:255,19,1,0
BRDA:256,20,0,0
BRDA:256,20,1,0
BRDA:262,21,0,0
BRDA:262,21,1,0
BRDA:265,22,0,0
BRDA:265,22,1,0
BRDA:289,23,0,0
BRDA:289,23,1,0
BRDA:345,24,0,0
BRDA:345,24,1,0
BRDA:353,25,0,0
BRDA:353,25,1,0
BRDA:362,26,0,0
BRDA:362,26,1,0
BRDA:362,27,0,0
BRDA:362,27,1,0
BRDA:366,28,0,0
BRDA:366,28,1,0
BRDA:394,29,0,0
BRDA:394,29,1,0
BRDA:394,30,0,0
BRDA:394,30,1,0
BRDA:417,31,0,0
BRDA:417,31,1,0
BRDA:419,32,0,0
BRDA:419,32,1,0
BRDA:420,33,0,0
BRDA:420,33,1,0
BRDA:425,34,0,0
BRDA:425,34,1,0
BRDA:428,35,0,0
BRDA:428,35,1,0
BRDA:429,36,0,0
BRDA:429,36,1,0
BRDA:429,36,2,0
BRDA:433,37,0,0
BRDA:433,37,1,0
BRDA:434,38,0,0
BRDA:434,38,1,0
BRDA:445,39,0,0
BRDA:445,39,1,0
BRDA:451,40,0,0
BRDA:451,40,1,0
BRDA:460,41,0,0
BRDA:481,42,0,0
BRDA:481,42,1,0
BRDA:495,43,0,0
BRDA:495,43,1,0
BRDA:497,44,0,0
BRDA:497,44,1,0
BRDA:511,45,0,0
BRDA:522,46,0,0
BRDA:522,46,1,0
BRDA:526,47,0,0
BRDA:544,48,0,0
BRDA:549,49,0,0
BRDA:569,50,0,0
BRDA:596,51,0,0
BRF:96
BRH:0
end_of_record
TN:
SF:src\components\graph\QuranGraph.refactored.tsx
FN:34,QuranGraph
FN:57,(anonymous_3)
FN:58,(anonymous_4)
FN:60,(anonymous_5)
FNF:4
FNH:0
FNDA:0,QuranGraph
FNDA:0,(anonymous_3)
FNDA:0,(anonymous_4)
FNDA:0,(anonymous_5)
DA:19,0
DA:20,0
DA:21,0
DA:22,0
DA:23,0
DA:24,0
DA:25,0
DA:26,0
DA:27,0
DA:28,0
DA:29,0
DA:30,0
DA:31,0
DA:32,0
DA:34,0
DA:36,0
DA:45,0
DA:54,0
DA:57,0
DA:58,0
DA:59,0
DA:60,0
DA:62,0
LF:23
LH:0
BRDA:60,0,0,0
BRDA:60,0,1,0
BRDA:70,1,0,0
BRDA:70,1,1,0
BRDA:94,2,0,0
BRDA:94,2,1,0
BRDA:97,3,0,0
BRDA:100,4,0,0
BRDA:100,4,1,0
BRDA:103,5,0,0
BRDA:103,5,1,0
BRDA:106,6,0,0
BRF:12
BRH:0
end_of_record
TN:
SF:src\components\graph\QuranGraph.tsx
FN:34,QuranGraph
FN:57,(anonymous_3)
FN:58,(anonymous_4)
FN:60,(anonymous_5)
FNF:4
FNH:0
FNDA:0,QuranGraph
FNDA:0,(anonymous_3)
FNDA:0,(anonymous_4)
FNDA:0,(anonymous_5)
DA:19,0
DA:20,0
DA:21,0
DA:22,0
DA:23,0
DA:24,0
DA:25,0
DA:26,0
DA:27,0
DA:28,0
DA:29,0
DA:30,0
DA:31,0
DA:32,0
DA:34,0
DA:36,0
DA:45,0
DA:54,0
DA:57,0
DA:58,0
DA:59,0
DA:60,0
DA:62,0
LF:23
LH:0
BRDA:60,0,0,0
BRDA:60,0,1,0
BRDA:70,1,0,0
BRDA:70,1,1,0
BRDA:94,2,0,0
BRDA:94,2,1,0
BRDA:97,3,0,0
BRDA:100,4,0,0
BRDA:100,4,1,0
BRDA:103,5,0,0
BRDA:103,5,1,0
BRDA:106,6,0,0
BRF:12
BRH:0
end_of_record
TN:
SF:src\components\graph\Scene.tsx
FN:22,Scene
FN:26,(anonymous_3)
FN:32,(anonymous_4)
FN:50,(anonymous_5)
FN:57,(anonymous_6)
FN:58,(anonymous_7)
FN:66,(anonymous_8)
FN:67,(anonymous_9)
FNF:8
FNH:0
FNDA:0,Scene
FNDA:0,(anonymous_3)
FNDA:0,(anonymous_4)
FNDA:0,(anonymous_5)
FNDA:0,(anonymous_6)
FNDA:0,(anonymous_7)
FNDA:0,(anonymous_8)
FNDA:0,(anonymous_9)
DA:9,0
DA:10,0
DA:12,0
DA:13,0
DA:14,0
DA:22,0
DA:23,0
DA:24,0
DA:26,0
DA:27,0
DA:28,0
DA:29,0
DA:32,0
DA:33,0
DA:34,0
DA:51,0
DA:57,0
DA:58,0
DA:66,0
DA:67,0
LF:20
LH:0
BRDA:27,0,0,0
BRDA:27,0,1,0
BRDA:29,1,0,0
BRDA:29,1,1,0
BRDA:33,2,0,0
BRDA:33,2,1,0
BRDA:33,3,0,0
BRDA:33,3,1,0
BRDA:34,4,0,0
BRDA:34,4,1,0
BRDA:51,5,0,0
BRDA:51,5,1,0
BRF:12
BRH:0
end_of_record
TN:
SF:src\components\graph\nodes\ConnectionLines.tsx
FN:17,ConnectionLines
FN:19,(anonymous_5)
FN:22,(anonymous_6)
FN:24,(anonymous_7)
FN:25,(anonymous_8)
FN:38,(anonymous_9)
FN:52,ConnectionLine
FN:59,(anonymous_11)
FN:63,(anonymous_12)
FNF:9
FNH:0
FNDA:0,ConnectionLines
FNDA:0,(anonymous_5)
FNDA:0,(anonymous_6)
FNDA:0,(anonymous_7)
FNDA:0,(anonymous_8)
FNDA:0,(anonymous_9)
FNDA:0,ConnectionLine
FNDA:0,(anonymous_11)
FNDA:0,(anonymous_12)
DA:9,0
DA:10,0
DA:17,0
DA:19,0
DA:20,0
DA:22,0
DA:23,0
DA:24,0
DA:25,0
DA:26,0
DA:27,0
DA:33,0
DA:39,0
DA:59,0
DA:60,0
DA:63,0
DA:64,0
LF:17
LH:0
BRDA:23,0,0,0
BRDA:23,0,1,0
BRDA:26,1,0,0
BRDA:26,1,1,0
BRF:4
BRH:0
end_of_record
TN:
SF:src\components\graph\nodes\HadithNode.tsx
FN:23,HadithNode
FN:33,(anonymous_5)
FN:59,(anonymous_6)
FN:60,(anonymous_7)
FNF:4
FNH:0
FNDA:0,HadithNode
FNDA:0,(anonymous_5)
FNDA:0,(anonymous_6)
FNDA:0,(anonymous_7)
DA:9,0
DA:10,0
DA:11,0
DA:12,0
DA:23,0
DA:30,0
DA:33,0
DA:34,0
DA:35,0
DA:36,0
DA:41,0
DA:46,0
DA:47,0
DA:48,0
DA:50,0
DA:51,0
DA:59,0
DA:60,0
LF:18
LH:0
BRDA:34,0,0,0
BRDA:34,0,1,0
BRDA:35,1,0,0
BRDA:35,1,1,0
BRDA:35,2,0,0
BRDA:35,2,1,0
BRDA:50,3,0,0
BRDA:50,3,1,0
BRDA:50,4,0,0
BRDA:50,4,1,0
BRDA:66,5,0,0
BRDA:66,5,1,0
BRDA:66,6,0,0
BRDA:66,6,1,0
BRDA:86,7,0,0
BRF:15
BRH:0
end_of_record
TN:
SF:src\components\graph\nodes\SurahNode.tsx
FN:33,SurahNode
FN:43,(anonymous_7)
FN:70,(anonymous_8)
FN:71,(anonymous_9)
FNF:4
FNH:0
FNDA:0,SurahNode
FNDA:0,(anonymous_7)
FNDA:0,(anonymous_8)
FNDA:0,(anonymous_9)
DA:9,0
DA:10,0
DA:11,0
DA:12,0
DA:16,0
DA:33,0
DA:40,0
DA:43,0
DA:44,0
DA:45,0
DA:46,0
DA:54,0
DA:55,0
DA:56,0
DA:57,0
DA:59,0
DA:62,0
DA:70,0
DA:71,0
DA:108,0
LF:20
LH:0
BRDA:44,0,0,0
BRDA:44,0,1,0
BRDA:45,1,0,0
BRDA:45,1,1,0
BRDA:45,2,0,0
BRDA:45,2,1,0
BRDA:59,3,0,0
BRDA:59,3,1,0
BRDA:59,4,0,0
BRDA:59,4,1,0
BRDA:77,5,0,0
BRDA:77,5,1,0
BRDA:77,6,0,0
BRDA:77,6,1,0
BRDA:97,7,0,0
BRF:15
BRH:0
end_of_record
TN:
SF:src\components\graph\ui\ErrorDisplay.tsx
FN:14,ErrorDisplay
FNF:1
FNH:1
FNDA:5,ErrorDisplay
DA:14,5
DA:15,5
LF:2
LH:2
BRDA:15,0,0,4
BRDA:15,0,1,1
BRDA:23,1,0,5
BRF:3
BRH:3
end_of_record
TN:
SF:src\components\graph\ui\HoverTooltip.tsx
FN:16,HoverTooltip
FNF:1
FNH:0
FNDA:0,HoverTooltip
DA:10,0
DA:16,0
LF:2
LH:0
BRDA:21,0,0,0
BRF:1
BRH:0
end_of_record
TN:
SF:src\components\graph\ui\LoadingIndicator.tsx
FN:9,LoadingIndicator
FNF:1
FNH:1
FNDA:2,LoadingIndicator
DA:9,2
LF:1
LH:1
BRF:0
BRH:0
end_of_record
TN:
SF:src\components\graph\ui\NodeDetailsPanel.tsx
FN:17,NodeDetailsPanel
FN:106,(anonymous_2)
FNF:2
FNH:0
FNDA:0,NodeDetailsPanel
FNDA:0,(anonymous_2)
DA:10,0
DA:17,0
DA:107,0
LF:3
LH:0
BRDA:26,0,0,0
BRDA:63,1,0,0
BRDA:100,2,0,0
BRF:3
BRH:0
end_of_record
TN:
SF:src\components\graph\ui\PillarFilter.tsx
FN:18,PillarFilter
FN:32,(anonymous_2)
FN:43,(anonymous_3)
FN:50,(anonymous_4)
FNF:4
FNH:0
FNDA:0,PillarFilter
FNDA:0,(anonymous_2)
FNDA:0,(anonymous_3)
FNDA:0,(anonymous_4)
DA:10,0
DA:18,0
DA:32,0
DA:44,0
DA:45,0
DA:47,0
DA:50,0
LF:7
LH:0
BRDA:34,0,0,0
BRDA:34,0,1,0
BRDA:45,1,0,0
BRDA:45,1,1,0
BRDA:52,2,0,0
BRDA:52,2,1,0
BRDA:57,3,0,0
BRDA:57,3,1,0
BRF:8
BRH:0
end_of_record
TN:
SF:src\components\graph\ui\SearchBar.tsx
FN:15,SearchBar
FN:26,(anonymous_2)
FNF:2
FNH:2
FNDA:7,SearchBar
FNDA:3,(anonymous_2)
DA:15,7
DA:26,3
LF:2
LH:2
BRDA:18,0,0,6
BRF:1
BRH:1
end_of_record
TN:
SF:src\components\graph\ui\StatsDisplay.tsx
FN:15,StatsDisplay
FN:16,(anonymous_2)
FN:17,(anonymous_3)
FN:19,(anonymous_4)
FN:20,(anonymous_5)
FNF:5
FNH:5
FNDA:7,StatsDisplay
FNDA:24,(anonymous_2)
FNDA:24,(anonymous_3)
FNDA:24,(anonymous_4)
FNDA:6,(anonymous_5)
DA:15,7
DA:16,24
DA:17,24
DA:18,7
DA:19,24
DA:20,6
LF:6
LH:6
BRDA:20,0,0,6
BRDA:20,0,1,0
BRF:2
BRH:1
end_of_record
TN:
SF:src\components\layout\StarField.tsx
FN:8,Stars
FN:11,(anonymous_5)
FN:16,(anonymous_6)
FN:38,StarField
FNF:4
FNH:0
FNDA:0,Stars
FNDA:0,(anonymous_5)
FNDA:0,(anonymous_6)
FNDA:0,StarField
DA:3,0
DA:4,0
DA:5,0
DA:6,0
DA:9,0
DA:11,0
DA:12,0
DA:13,0
DA:16,0
DA:17,0
DA:18,0
DA:19,0
DA:38,0
LF:13
LH:0
BRDA:17,0,0,0
BRDA:17,0,1,0
BRF:2
BRH:0
end_of_record
TN:
SF:src\hooks\useGraphData.ts
FN:80,useGraphData
FN:85,(anonymous_2)
FN:101,(anonymous_3)
FN:136,(anonymous_4)
FN:156,(anonymous_5)
FN:159,(anonymous_6)
FN:178,(anonymous_7)
FN:182,(anonymous_8)
FN:204,(anonymous_9)
FNF:9
FNH:0
FNDA:0,useGraphData
FNDA:0,(anonymous_2)
FNDA:0,(anonymous_3)
FNDA:0,(anonymous_4)
FNDA:0,(anonymous_5)
FNDA:0,(anonymous_6)
FNDA:0,(anonymous_7)
FNDA:0,(anonymous_8)
FNDA:0,(anonymous_9)
DA:7,0
DA:47,0
DA:80,0
DA:81,0
DA:82,0
DA:83,0
DA:85,0
DA:86,0
DA:87,0
DA:89,0
DA:91,0
DA:94,0
DA:95,0
DA:96,0
DA:98,0
DA:101,0
DA:103,0
DA:104,0
DA:105,0
DA:107,0
DA:124,0
DA:125,0
DA:126,0
DA:128,0
DA:130,0
DA:133,0
DA:135,0
DA:136,0
DA:140,0
DA:141,0
DA:143,0
DA:146,0
DA:147,0
DA:148,0
DA:150,0
DA:152,0
DA:154,0
DA:156,0
DA:159,0
DA:160,0
DA:161,0
DA:163,0
DA:178,0
DA:179,0
DA:180,0
DA:182,0
DA:184,0
DA:185,0
DA:189,0
DA:194,0
DA:197,0
DA:198,0
DA:200,0
DA:204,0
DA:205,0
DA:208,0
LF:56
LH:0
BRDA:80,0,0,0
BRDA:91,1,0,0
BRDA:91,1,1,0
BRDA:95,2,0,0
BRDA:95,2,1,0
BRDA:111,3,0,0
BRDA:111,3,1,0
BRDA:113,4,0,0
BRDA:113,4,1,0
BRDA:113,4,2,0
BRDA:119,5,0,0
BRDA:119,5,1,0
BRDA:125,6,0,0
BRDA:125,6,1,0
BRDA:133,7,0,0
BRDA:133,7,1,0
BRDA:133,8,0,0
BRDA:133,8,1,0
BRDA:141,9,0,0
BRDA:141,9,1,0
BRDA:147,10,0,0
BRDA:147,10,1,0
BRDA:152,11,0,0
BRDA:152,11,1,0
BRDA:154,12,0,0
BRDA:154,12,1,0
BRDA:184,13,0,0
BRDA:184,13,1,0
BRDA:184,14,0,0
BRDA:184,14,1,0
BRF:30
BRH:0
end_of_record
TN:
SF:src\hooks\useGraphFilters.ts
FN:22,useGraphFilters
FN:27,(anonymous_2)
FN:32,(anonymous_3)
FN:45,(anonymous_4)
FNF:4
FNH:4
FNDA:21,useGraphFilters
FNDA:19,(anonymous_2)
FNDA:8,(anonymous_3)
FNDA:23,(anonymous_4)
DA:7,1
DA:22,21
DA:23,21
DA:24,21
DA:27,21
DA:28,19
DA:31,19
DA:32,2
DA:33,8
DA:34,6
DA:37,2
DA:42,19
DA:43,6
DA:45,6
DA:46,23
DA:47,17
DA:54,6
DA:55,6
DA:61,0
DA:65,19
DA:68,21
LF:21
LH:20
BRDA:31,0,0,2
BRDA:31,0,1,17
BRDA:33,1,0,6
BRDA:33,1,1,2
BRDA:42,2,0,6
BRDA:42,2,1,13
BRDA:46,3,0,17
BRDA:46,3,1,6
BRDA:48,4,0,17
BRDA:48,4,1,16
BRDA:48,4,2,13
BRDA:54,5,0,6
BRDA:54,5,1,0
BRDA:56,6,0,6
BRDA:56,6,1,5
BRF:15
BRH:14
end_of_record
TN:
SF:src\hooks\useNodeSelection.ts
FN:21,useNodeSelection
FN:26,(anonymous_2)
FN:32,(anonymous_3)
FN:38,(anonymous_4)
FN:43,(anonymous_5)
FNF:5
FNH:5
FNDA:23,useNodeSelection
FNDA:10,(anonymous_2)
FNDA:9,(anonymous_3)
FNDA:5,(anonymous_4)
FNDA:1,(anonymous_5)
DA:7,1
DA:21,23
DA:22,23
DA:23,23
DA:26,23
DA:27,10
DA:28,1
DA:29,1
DA:32,9
DA:33,9
DA:38,23
DA:39,5
DA:43,23
DA:44,1
DA:45,1
DA:48,23
LF:16
LH:16
BRDA:27,0,0,1
BRDA:27,0,1,9
BRDA:33,1,0,1
BRDA:33,1,1,8
BRF:4
BRH:4
end_of_record
TN:
SF:src\lib\graph-data-loader.ts
FN:30,loadGraphData
FN:42,(anonymous_2)
FN:45,(anonymous_3)
FN:77,generatePosition
FN:101,createSequentialConnections
FN:102,(anonymous_6)
FN:105,(anonymous_7)
FN:117,createCrossReferences
FN:121,(anonymous_9)
FN:122,(anonymous_10)
FN:130,(anonymous_11)
FN:131,(anonymous_12)
FN:138,(anonymous_13)
FN:139,(anonymous_14)
FNF:14
FNH:0
FNDA:0,loadGraphData
FNDA:0,(anonymous_2)
FNDA:0,(anonymous_3)
FNDA:0,generatePosition
FNDA:0,createSequentialConnections
FNDA:0,(anonymous_6)
FNDA:0,(anonymous_7)
FNDA:0,createCrossReferences
FNDA:0,(anonymous_9)
FNDA:0,(anonymous_10)
FNDA:0,(anonymous_11)
FNDA:0,(anonymous_12)
FNDA:0,(anonymous_13)
FNDA:0,(anonymous_14)
DA:30,0
DA:31,0
DA:32,0
DA:33,0
DA:34,0
DA:37,0
DA:38,0
DA:39,0
DA:42,0
DA:43,0
DA:45,0
DA:46,0
DA:58,0
DA:63,0
DA:64,0
DA:66,0
DA:68,0
DA:69,0
DA:79,0
DA:80,0
DA:83,0
DA:84,0
DA:85,0
DA:88,0
DA:89,0
DA:91,0
DA:92,0
DA:93,0
DA:95,0
DA:102,0
DA:104,0
DA:105,0
DA:107,0
DA:108,0
DA:121,0
DA:122,0
DA:123,0
DA:124,0
DA:130,0
DA:131,0
DA:132,0
DA:133,0
DA:138,0
DA:139,0
DA:140,0
DA:141,0
LF:46
LH:0
BRDA:33,0,0,0
BRDA:33,0,1,0
BRDA:105,1,0,0
BRDA:105,1,1,0
BRDA:107,2,0,0
BRDA:107,2,1,0
BRDA:123,3,0,0
BRDA:123,3,1,0
BRDA:132,4,0,0
BRDA:132,4,1,0
BRDA:132,5,0,0
BRDA:132,5,1,0
BRDA:132,5,2,0
BRDA:140,6,0,0
BRDA:140,6,1,0
BRDA:140,7,0,0
BRDA:140,7,1,0
BRF:17
BRH:0
end_of_record
TN:
SF:src\lib\quran-data.ts
FN:21,loadSurah
FN:38,loadSurahsMetadata
FN:54,loadSurahs
FN:56,(anonymous_11)
FN:58,(anonymous_12)
FN:64,loadVerse
FN:68,(anonymous_14)
FN:75,getVerseReference
FN:82,parseVerseReference
FNF:9
FNH:0
FNDA:0,loadSurah
FNDA:0,loadSurahsMetadata
FNDA:0,loadSurahs
FNDA:0,(anonymous_11)
FNDA:0,(anonymous_12)
FNDA:0,loadVerse
FNDA:0,(anonymous_14)
FNDA:0,getVerseReference
FNDA:0,parseVerseReference
DA:2,0
DA:3,0
DA:21,0
DA:22,0
DA:23,0
DA:24,0
DA:25,0
DA:27,0
DA:28,0
DA:30,0
DA:31,0
DA:38,0
DA:39,0
DA:40,0
DA:41,0
DA:43,0
DA:44,0
DA:46,0
DA:47,0
DA:54,0
DA:55,0
DA:56,0
DA:58,0
DA:64,0
DA:65,0
DA:66,0
DA:68,0
DA:69,0
DA:75,0
DA:76,0
DA:82,0
DA:83,0
DA:84,0
DA:86,0
LF:34
LH:0
BRDA:66,0,0,0
BRDA:66,0,1,0
BRDA:69,1,0,0
BRDA:69,1,1,0
BRDA:84,2,0,0
BRDA:84,2,1,0
BRF:6
BRH:0
end_of_record
TN:
SF:src\lib\supabase\client.ts
FN:32,createServerSupabaseClient
FNF:1
FNH:0
FNDA:0,createServerSupabaseClient
DA:6,0
DA:8,0
DA:9,0
DA:11,0
DA:12,0
DA:21,0
DA:32,0
DA:33,0
LF:8
LH:0
BRDA:11,0,0,0
BRDA:11,0,1,0
BRDA:11,1,0,0
BRDA:11,1,1,0
BRF:4
BRH:0
end_of_record
TN:
SF:src\test-utils\index.tsx
FN:12,renderWithProviders
FNF:1
FNH:1
FNDA:21,renderWithProviders
DA:7,4
DA:12,0
DA:16,21
DA:21,21
LF:4
LH:3
BRF:0
BRH:0
end_of_record
TN:
SF:src\test-utils\mocks.ts
FN:83,(anonymous_9)
FN:90,(anonymous_10)
FN:131,setupFetchMock
FN:134,(anonymous_12)
FN:138,(anonymous_13)
FN:144,(anonymous_14)
FN:150,(anonymous_15)
FN:160,resetFetchMock
FNF:8
FNH:2
FNDA:21,(anonymous_9)
FNDA:858,(anonymous_10)
FNDA:0,setupFetchMock
FNDA:0,(anonymous_12)
FNDA:0,(anonymous_13)
FNDA:0,(anonymous_14)
FNDA:0,(anonymous_15)
FNDA:0,resetFetchMock
DA:11,18
DA:25,6
DA:47,32
DA:75,3
DA:83,21
DA:90,858
DA:98,3
DA:118,3
DA:131,0
DA:132,0
DA:134,0
DA:135,0
DA:136,0
DA:138,0
DA:141,0
DA:142,0
DA:144,0
DA:147,0
DA:148,0
DA:150,0
DA:153,0
DA:160,0
DA:161,0
DA:162,0
LF:24
LH:8
BRDA:135,0,0,0
BRDA:135,0,1,0
BRDA:141,1,0,0
BRDA:141,1,1,0
BRDA:147,2,0,0
BRDA:147,2,1,0
BRF:6
BRH:0
end_of_record
